Failed to load condition daemon /kungfu/condition/zmqidu_poison, removed from quest/haojie/jobnpc/23#1668 ("å´å‹‡è¶…(wu)")
Error: 0
Failed to load condition daemon /kungfu/condition/tangmen_busy, removed from d/biwu/champion_xy#1231 ("ä»¤ç‹æ™ºèˆŸ(bhs)")
Error: 0
Failed to load condition daemon /kungfu/condition/"psgc, removed from clone/user/user#1275 ("æŸäºº(hxsd)")
Error: 0
Failed to load condition daemon /kungfu/condition/zimu-zhen, removed from kungfu/class/lingjiu/xuzhu#2413 ("è™šç«¹(xu zhu)")
Error: 0
Failed to load condition daemon /kungfu/condition/zimu-zhen, removed from kungfu/class/lingjiu/xuzhu#2413 ("è™šç«¹(xu zhu)")
Error: 0
Failed to load condition daemon /kungfu/condition/zmqidu_poison, removed from kungfu/class/lingjiu/qiupopo#3485 ("è£˜å©†å©†(qiu popo)")
Error: 0
Failed to load condition daemon /kungfu/condition/zimu-zhen, removed from kungfu/class/lingjiu/qiupopo#3485 ("è£˜å©†å©†(qiu popo)")
Error: 0
Failed to load condition daemon /kungfu/condition/zmqidu_poison, removed from kungfu/class/lingjiu/zhoupopo#3477 ("å‘¨å©†å©†(zhou popo)")
Error: 0
Failed to load condition daemon /kungfu/condition/zimu-zhen, removed from kungfu/class/lingjiu/zhoupopo#3477 ("å‘¨å©†å©†(zhou popo)")
Error: 0
Failed to load condition daemon /kungfu/condition/zmqidu_poison, removed from quest/haojie/jobnpc/9#3229 ("ç†Šå°ç‡•(xiong)")
Error: 0
Failed to load condition daemon /kungfu/condition/0, removed from clone/user/user#1324 ("æŸäºº(hxsd)")
Error: 0
Failed to load condition daemon /kungfu/condition/x2_sandu, removed from kungfu/class/lingjiu/xuzhu#1533 ("è™šç«¹(xu zhu)")
Error: 0
Failed to load condition daemon /kungfu/condition/x2_sandu, removed from kungfu/class/lingjiu/xuzhu#1533 ("è™šç«¹(xu zhu)")
Error: 0
Failed to load condition daemon /kungfu/condition/x2_sandu, removed from kungfu/class/lingjiu/xuzhu#1533 ("è™šç«¹(xu zhu)")
Error: 0
Failed to load condition daemon /kungfu/condition/x2_sandu, removed from kungfu/class/lingjiu/xuzhu#1533 ("è™šç«¹(xu zhu)")
Error: 0
Failed to load condition daemon /kungfu/condition/x2_sandu, removed from kungfu/class/lingjiu/qiupopo#1604 ("è£˜å©†å©†(qiu popo)")
Error: 0
Failed to load condition daemon /kungfu/condition/x2_sandu, removed from quest/shenshu/npc/man#669 ("å…¬å­å“¥(gongzi)")
Error: 0
Failed to load condition daemon /kungfu/condition/x2_sandu, removed from kungfu/class/lingjiu/zhoupopo#1596 ("å‘¨å©†å©†(zhou popo)")
Error: 0
Failed to load condition daemon /kungfu/condition/x2_sandu, removed from kungfu/class/lingjiu/zhoupopo#1596 ("å‘¨å©†å©†(zhou popo)")
Error: 0
Failed to load condition daemon /kungfu/condition/x2_sandu, removed from quest/shenshu/npc/man#669 ("[33m[åœ°ç…é—¨]æ€æ‰‹é™ˆå››[2;37;0m(killer)")
Error: 0
Failed to load condition daemon /kungfu/condition/x2_sandu, removed from quest/shenshu/npc/man#674 ("å±±è´¼(shan zei)")
Error: 0
Failed to load condition daemon /kungfu/condition/x2_sandu, removed from d/lingjiu/npc/lanjian#1588 ("å…°å‰‘(lan jian)")
Error: 0
Failed to load condition daemon /kungfu/condition/x2_sandu, removed from quest/shenshu/npc/man#669 ("[33m[åœ°ç…é—¨]æ€æ‰‹é™ˆå››[2;37;0m(killer)")
Error: 0
Failed to load condition daemon /kungfu/condition/x2_sandu, removed from kungfu/class/lingjiu/meijian#1580 ("æ¢…å‰‘(mei jian)")
Error: 0
