keeny((player)) 试图写入 /data/FENG 失败。
city4((player)) 试图写入 /data/games/mj_data.o 失败。
city4((player)) 试图写入 /data/games/mj_data.o 失败。
city4((player)) 试图写入 /data/games/mj_data.o 失败。
city4((player)) 试图写入 /data/games/mj_data.o 失败。
city4((player)) 试图写入 /data/games/mj_data.o 失败。
city4((player)) 试图写入 /data/games/mj_data.o 失败。
city4((player)) 试图写入 /data/games/mj_data.o 失败。
city4((player)) 试图写入 /data/games/mj_data.o 失败。
city4((player)) 试图写入 /data/games/mj_data.o 失败。
city4((player)) 试图写入 /data/games/mj_data.o 失败。
city4((player)) 试图写入 /data/games/mj_data.o 失败。
city4((player)) 试图写入 /data/games/mj_data.o 失败。
city4((player)) 试图写入 /data/games/mj_data.o 失败。
city4((player)) 试图写入 /data/games/mj_data.o 失败。
city4((player)) 试图写入 /data/games/mj_data.o 失败。
city4((player)) 试图写入 /data/games/mj_data.o 失败。
city4((player)) 试图写入 /data/games/mj_data.o 失败。
city4((player)) 试图写入 /data/games/mj_data.o 失败。
city4((player)) 试图写入 /data/games/mj_data.o 失败。
city4((player)) 试图写入 /data/games/mj_data.o 失败。
city4((player)) 试图写入 /data/user/t/tiandi.pet.o 失败。
city4((player)) 试图写入 /data/user/t/tiandi.pet.o 失败。
city4((player)) 试图写入 /data/user/t/tiandi.pet.o 失败。
city4((player)) 试图写入 /data/user/t/tiandi.pet.o 失败。
fury((player)) 试图写入 /data/FENG 失败。
rains((player)) 试图写入 /data/FENG 失败。
xdb((player)) 试图写入 /data/FENG 失败。
lting((player)) 试图写入 /data/FENG 失败。
ramsay((player)) 试图写入 /data/FENG 失败。
yqh((arch)) 试图写入 /data/FENG 失败。
pingan((player)) 试图写入 /data/diary/w 失败。
pingan((player)) 试图写入 /data/diary/w/witch 失败。
pingan((player)) 试图写入 /data/diary/f 失败。
pingan((player)) 试图写入 /data/diary/f/fall 失败。
fenying((player)) 试图写入 /data/FENG 失败。
lds((player)) 试图写入 /data/FENG 失败。
admire((player)) 试图写入 /data/FENG 失败。
admire((player)) 试图写入 /data/FENG 失败。
pingan((player)) 试图写入 /data/diary/l 失败。
pingan((player)) 试图写入 /data/diary/l/lxudd 失败。
pingan((player)) 试图写入 /data/diary/m 失败。
pingan((player)) 试图写入 /data/diary/m/mygirl 失败。
niua((player)) 试图写入 /data/FENG 失败。
fury((player)) 试图写入 /data/FENG 失败。
lexy((player)) 试图写入 /data/FENG 失败。
kenxin((player)) 试图写入 /data/FENG 失败。
legend((player)) 试图写入 /data/FENG 失败。
weivj((player)) 试图写入 /data/FENG 失败。
bullet((player)) 试图写入 /data/FENG 失败。
hurry((player)) 试图写入 /data/FENG 失败。
MudOS((player)) 试图写入 /data/FENG 失败。
pingan((player)) 试图写入 /data/diary/e 失败。
pingan((player)) 试图写入 /data/diary/e/evil 失败。
pingan((player)) 试图写入 /data/diary/q 失败。
pingan((player)) 试图写入 /data/diary/q/quanjia 失败。
lting((player)) 试图写入 /data/FENG 失败。
fenying((player)) 试图写入 /data/FENG 失败。
niua((player)) 试图写入 /data/FENG 失败。
killman((player)) 试图写入 /data/FENG 失败。
pingan((player)) 试图写入 /data/diary/z 失败。
pingan((player)) 试图写入 /data/diary/z/zhword 失败。
pingan((player)) 试图写入 /data/diary/j 失败。
pingan((player)) 试图写入 /data/diary/j/jazz 失败。
city4((player)) 试图写入 /data/games/mj_data.o 失败。
city4((player)) 试图写入 /data/games/mj_data.o 失败。
city4((player)) 试图写入 /data/games/mj_data.o 失败。
city4((player)) 试图写入 /data/games/mj_data.o 失败。
city4((player)) 试图写入 /data/games/mj_data.o 失败。
city4((player)) 试图写入 /data/games/mj_data.o 失败。
city4((player)) 试图写入 /data/games/mj_data.o 失败。
city4((player)) 试图写入 /data/games/mj_data.o 失败。
city4((player)) 试图写入 /data/games/mj_data.o 失败。
city4((player)) 试图写入 /data/games/mj_data.o 失败。
city4((player)) 试图写入 /data/games/mj_data.o 失败。
city4((player)) 试图写入 /data/games/mj_data.o 失败。
city4((player)) 试图写入 /data/games/mj_data.o 失败。
city4((player)) 试图写入 /data/games/mj_data.o 失败。
city4((player)) 试图写入 /data/games/mj_data.o 失败。
city4((player)) 试图写入 /data/games/mj_data.o 失败。
city4((player)) 试图写入 /data/games/mj_data.o 失败。
city4((player)) 试图写入 /data/games/mj_data.o 失败。
city4((player)) 试图写入 /data/games/mj_data.o 失败。
city4((player)) 试图写入 /data/games/mj_data.o 失败。
city4((player)) 试图写入 /data/games/mj_data.o 失败。
city4((player)) 试图写入 /data/games/mj_data.o 失败。
city4((player)) 试图写入 /data/games/mj_data.o 失败。
city4((player)) 试图写入 /data/games/mj_data.o 失败。
city4((player)) 试图写入 /data/games/mj_data.o 失败。
city4((player)) 试图写入 /data/games/mj_data.o 失败。
city4((player)) 试图写入 /data/games/mj_data.o 失败。
city4((player)) 试图写入 /data/games/mj_data.o 失败。
city4((player)) 试图写入 /data/games/mj_data.o 失败。
city4((player)) 试图写入 /data/games/mj_data.o 失败。
city4((player)) 试图写入 /data/games/mj_data.o 失败。
city4((player)) 试图写入 /data/games/mj_data.o 失败。
city4((player)) 试图写入 /data/games/mj_data.o 失败。
city4((player)) 试图写入 /data/games/mj_data.o 失败。
city4((player)) 试图写入 /data/games/mj_data.o 失败。
city4((player)) 试图写入 /data/games/mj_data.o 失败。
city4((player)) 试图写入 /data/games/mj_data.o 失败。
city4((player)) 试图写入 /data/games/mj_data.o 失败。
yfy((player)) 试图写入 /data/FENG 失败。
shazi((player)) 试图写入 /data/FENG 失败。
pingan((player)) 试图写入 /data/diary/l 失败。
pingan((player)) 试图写入 /data/diary/l/lovepk 失败。
pingan((player)) 试图写入 /data/diary/t 失败。
pingan((player)) 试图写入 /data/diary/t/thankyou 失败。
vip((player)) 试图写入 /data/FENG 失败。
city4((player)) 试图写入 /data/games/mj_data.o 失败。
city4((player)) 试图写入 /data/games/mj_data.o 失败。
city4((player)) 试图写入 /data/games/mj_data.o 失败。
city4((player)) 试图写入 /data/games/mj_data.o 失败。
city4((player)) 试图写入 /data/games/mj_data.o 失败。
city4((player)) 试图写入 /data/games/mj_data.o 失败。
city4((player)) 试图写入 /data/user/t/tiandi.pet.o 失败。
city4((player)) 试图写入 /data/user/t/tiandi.pet.o 失败。
city4((player)) 试图写入 /data/user/t/tiandi.pet.o 失败。
pingan((player)) 试图写入 /data/diary/p 失败。
pingan((player)) 试图写入 /data/diary/p/pinghua 失败。
pingan((player)) 试图写入 /data/diary/w 失败。
pingan((player)) 试图写入 /data/diary/w/wuliao 失败。
city4((player)) 试图写入 /data/user/t/tiandi.pet.o 失败。
lanse((player)) 试图写入 /data/FENG 失败。
pingan((player)) 试图写入 /data/diary/z 失败。
pingan((player)) 试图写入 /data/diary/z/zyou 失败。
pingan((player)) 试图写入 /data/diary/f 失败。
pingan((player)) 试图写入 /data/diary/f/fge 失败。
lanse((player)) 试图写入 /data/FENG 失败。
pingan((player)) 试图写入 /data/diary/o 失败。
pingan((player)) 试图写入 /data/diary/o/ooooooo 失败。
pingan((player)) 试图写入 /data/diary/f 失败。
pingan((player)) 试图写入 /data/diary/f/fox 失败。
redd((player)) 试图写入 /data/FENG 失败。
smap((player)) 试图写入 /data/FENG 失败。
adico((player)) 试图写入 /data/FENG 失败。
tttyyy((player)) 试图写入 /data/FENG 失败。
xdb((player)) 试图写入 /data/FENG 失败。
pingan((player)) 试图写入 /data/diary/f 失败。
pingan((player)) 试图写入 /data/diary/f/ftoiloveyou 失败。
pingan((player)) 试图写入 /data/diary/f 失败。
pingan((player)) 试图写入 /data/diary/f/ftolove 失败。
weivj((player)) 试图写入 /data/FENG 失败。
ifcan((player)) 试图写入 /data/FENG 失败。
cooller((player)) 试图写入 /data/FENG 失败。
city4((player)) 试图写入 /data/user/t/tiandi.pet.o 失败。
pingan((player)) 试图写入 /data/diary/u 失败。
pingan((player)) 试图写入 /data/diary/u/uuu 失败。
pingan((player)) 试图写入 /data/diary/p 失败。
pingan((player)) 试图写入 /data/diary/p/pinghua 失败。
pingan((player)) 试图写入 /data/diary/p 失败。
pingan((player)) 试图写入 /data/diary/p/pinghua 失败。
pingan((player)) 试图写入 /data/diary/u 失败。
pingan((player)) 试图写入 /data/diary/u/uuu 失败。
city4((player)) 试图写入 /data/user/t/tiandi.pet.o 失败。
city4((player)) 试图写入 /data/user/t/tiandi.pet.o 失败。
pease((player)) 试图写入 /data/FENG 失败。
hagi((player)) 试图写入 /data/FENG 失败。
fury((player)) 试图写入 /data/FENG 失败。
touch((player)) 试图写入 /data/FENG 失败。
pingan((player)) 试图写入 /data/diary/r 失败。
pingan((player)) 试图写入 /data/diary/r/ruomei 失败。
pingan((player)) 试图写入 /data/diary/l 失败。
pingan((player)) 试图写入 /data/diary/l/loveyou 失败。
fall((player)) 试图写入 /data/FENG 失败。
pingan((player)) 试图写入 /data/diary/q 失败。
pingan((player)) 试图写入 /data/diary/q/qingxin 失败。
pingan((player)) 试图写入 /data/diary/s 失败。
pingan((player)) 试图写入 /data/diary/s/selina 失败。
pease((player)) 试图写入 /data/FENG 失败。
pease((player)) 试图写入 /data/FENG 失败。
burner((player)) 试图写入 /data/FENG 失败。
wuchang((player)) 试图写入 /data/FENG 失败。
canme((player)) 试图写入 /data/FENG 失败。
canme((player)) 试图写入 /data/FENG 失败。
kanfeng((player)) 试图写入 /data/FENG 失败。
wanbbb((player)) 试图写入 /data/FENG 失败。
pingan((player)) 试图写入 /data/diary/f 失败。
pingan((player)) 试图写入 /data/diary/f/forcoin 失败。
pingan((player)) 试图写入 /data/diary/n 失败。
pingan((player)) 试图写入 /data/diary/n/nam 失败。
pingan((player)) 试图写入 /data/diary/h 失败。
pingan((player)) 试图写入 /data/diary/h/huoer 失败。
pingan((player)) 试图写入 /data/diary/l 失败。
pingan((player)) 试图写入 /data/diary/l/lver 失败。
lanmo((player)) 试图写入 /data/FENG 失败。
liud((player)) 试图写入 /data/FENG 失败。
liud((player)) 试图写入 /data/FENG 失败。
liud((player)) 试图写入 /data/FENG 失败。
liud((player)) 试图写入 /data/FENG 失败。
badman((player)) 试图写入 /data/FENG 失败。
jccg((player)) 试图写入 /data/FENG 失败。
dhxy((arch)) 试图写入 /backup/2004-1-16/user/t/backup/2004-1-18/user/t/tyr.o 失败。
dhxy((arch)) 试图写入 /backup/2004-1-18/user/t/tyr.o 失败。
dhxy((arch)) 试图写入 /backup/2004-1-18/user/t/tyr.o 失败。
dhxy((arch)) 试图写入 /backup/2004-1-17/user/t/tyr.o 失败。
pingan((player)) 试图写入 /data/diary/t 失败。
pingan((player)) 试图写入 /data/diary/t/tyr 失败。
pingan((player)) 试图写入 /data/diary/n 失败。
pingan((player)) 试图写入 /data/diary/n/nsx 失败。
pingan((player)) 试图写入 /data/diary/t 失败。
pingan((player)) 试图写入 /data/diary/t/tya 失败。
pingan((player)) 试图写入 /data/diary/l 失败。
pingan((player)) 试图写入 /data/diary/l/lotus 失败。
pingan((player)) 试图写入 /data/diary/t 失败。
pingan((player)) 试图写入 /data/diary/t/tsy 失败。
pingan((player)) 试图写入 /data/diary/w 失败。
pingan((player)) 试图写入 /data/diary/w/wayao 失败。
hsdummy((player)) 试图写入 /data/FENG 失败。
hedaxia((player)) 试图写入 /data/FENG 失败。
xiamihs((player)) 试图写入 /data/FENG 失败。
roland((player)) 试图写入 /data/FENG 失败。
city4((player)) 试图写入 /data/games/mj_data.o 失败。
city4((player)) 试图写入 /data/games/mj_data.o 失败。
city4((player)) 试图写入 /data/games/mj_data.o 失败。
city4((player)) 试图写入 /data/games/mj_data.o 失败。
city4((player)) 试图写入 /data/games/mj_data.o 失败。
city4((player)) 试图写入 /data/games/mj_data.o 失败。
wuhuashanyi((player)) 试图写入 /data/FENG 失败。
feiying((player)) 试图写入 /data/FENG 失败。
tlt((player)) 试图写入 /data/FENG 失败。
xiaoyu((player)) 试图写入 /data/FENG 失败。
ziying((player)) 试图写入 /data/FENG 失败。
liuf((player)) 试图写入 /data/FENG 失败。
xiamihs((player)) 试图写入 /data/FENG 失败。
sway((player)) 试图写入 /data/FENG 失败。
sway((player)) 试图写入 /data/FENG 失败。
liua((player)) 试图写入 /data/FENG 失败。
fealose((player)) 试图写入 /data/FENG 失败。
city4((player)) 试图写入 /data/user/t/tiandi.pet.o 失败。
city4((player)) 试图写入 /data/user/t/tiandi.pet.o 失败。
city4((player)) 试图写入 /data/user/t/tiandi.pet.o 失败。
patrick((player)) 试图写入 /data/FENG 失败。
hammerwho((player)) 试图写入 /data/FENG 失败。
sense((player)) 试图写入 /data/FENG 失败。
shashengwan((player)) 试图写入 /data/FENG 失败。
badman((player)) 试图写入 /data/FENG 失败。
liub((player)) 试图写入 /data/FENG 失败。
yube((player)) 试图写入 /data/FENG 失败。
liuf((player)) 试图写入 /data/FENG 失败。
liuzhi((player)) 试图写入 /data/FENG 失败。
liue((player)) 试图写入 /data/FENG 失败。
pease((player)) 试图写入 /data/FENG 失败。
ijn((player)) 试图写入 /data/FENG 失败。
city4((player)) 试图写入 /data/user/t/tiandi.pet.o 失败。
irstar((player)) 试图写入 /data/FENG 失败。
slb((player)) 试图写入 /data/FENG 失败。
tttyyy((player)) 试图写入 /data/FENG 失败。
slsl((player)) 试图写入 /data/FENG 失败。
night((player)) 试图写入 /data/FENG 失败。
pingan((player)) 试图写入 /data/diary/e 失败。
pingan((player)) 试图写入 /data/diary/e/eeeam 失败。
pingan((player)) 试图写入 /data/diary/c 失败。
pingan((player)) 试图写入 /data/diary/c/csam 失败。
saint((player)) 试图写入 /data/FENG 失败。
mrmr((player)) 试图写入 /data/FENG 失败。
dance((player)) 试图写入 /data/FENG 失败。
xinfan((player)) 试图写入 /data/FENG 失败。
dance((player)) 试图写入 /data/FENG 失败。
slb((player)) 试图写入 /data/FENG 失败。
alive((player)) 试图写入 /data/FENG 失败。
wlgf((player)) 试图写入 /data/FENG 失败。
ctaohua((player)) 试图写入 /data/FENG 失败。
xmenger((player)) 试图写入 /data/FENG 失败。
liud((player)) 试图写入 /data/FENG 失败。
jsnjsss((player)) 试图写入 /data/FENG 失败。
raul((player)) 试图写入 /data/FENG 失败。
raul((player)) 试图写入 /data/FENG 失败。
dhxy((arch)) 试图写入 /backup/2004-12-24/user/c/cmore.o 失败。
void((player)) 试图写入 /data/FENG 失败。
lingshan((player)) 试图写入 /data/FENG 失败。
xiaoxuan((player)) 试图写入 /data/FENG 失败。
xiamihs((player)) 试图写入 /data/FENG 失败。
city4((player)) 试图写入 /data/user/t/tiandi.pet.o 失败。
city4((player)) 试图写入 /data/user/t/tiandi.pet.o 失败。
zhmn((player)) 试图写入 /data/FENG 失败。
keen((player)) 试图写入 /data/FENG 失败。
pingan((player)) 试图写入 /data/diary/x 失败。
pingan((player)) 试图写入 /data/diary/x/xiaoxiami 失败。
pingan((player)) 试图写入 /data/diary/l 失败。
pingan((player)) 试图写入 /data/diary/l/lxy 失败。
qazqaz((player)) 试图写入 /data/FENG 失败。
ctaohua((player)) 试图写入 /data/FENG 失败。
city4((player)) 试图写入 /data/user/t/tiandi.pet.o 失败。
wuhuashanyi((player)) 试图写入 /data/FENG 失败。
spray((player)) 试图写入 /data/FENG 失败。
city4((player)) 试图写入 /data/games/mj_data.o 失败。
city4((player)) 试图写入 /data/games/mj_data.o 失败。
city4((player)) 试图写入 /data/games/mj_data.o 失败。
city4((player)) 试图写入 /data/games/mj_data.o 失败。
city4((player)) 试图写入 /data/games/mj_data.o 失败。
city4((player)) 试图写入 /data/games/mj_data.o 失败。
city4((player)) 试图写入 /data/games/mj_data.o 失败。
city4((player)) 试图写入 /data/games/mj_data.o 失败。
city4((player)) 试图写入 /data/games/mj_data.o 失败。
city4((player)) 试图写入 /data/games/mj_data.o 失败。
city4((player)) 试图写入 /data/games/mj_data.o 失败。
city4((player)) 试图写入 /data/games/mj_data.o 失败。
city4((player)) 试图写入 /data/games/mj_data.o 失败。
city4((player)) 试图写入 /data/games/mj_data.o 失败。
city4((player)) 试图写入 /data/games/mj_data.o 失败。
city4((player)) 试图写入 /data/games/mj_data.o 失败。
city4((player)) 试图写入 /data/games/mj_data.o 失败。
city4((player)) 试图写入 /data/games/mj_data.o 失败。
city4((player)) 试图写入 /data/games/mj_data.o 失败。
city4((player)) 试图写入 /data/games/mj_data.o 失败。
city4((player)) 试图写入 /data/games/mj_data.o 失败。
city4((player)) 试图写入 /data/games/mj_data.o 失败。
city4((player)) 试图写入 /data/games/mj_data.o 失败。
city4((player)) 试图写入 /data/games/mj_data.o 失败。
city4((player)) 试图写入 /data/games/mj_data.o 失败。
city4((player)) 试图写入 /data/games/mj_data.o 失败。
city4((player)) 试图写入 /data/games/mj_data.o 失败。
city4((player)) 试图写入 /data/games/mj_data.o 失败。
city4((player)) 试图写入 /data/games/mj_data.o 失败。
city4((player)) 试图写入 /data/games/mj_data.o 失败。
city4((player)) 试图写入 /data/games/mj_data.o 失败。
city4((player)) 试图写入 /data/games/mj_data.o 失败。
city4((player)) 试图写入 /data/games/mj_data.o 失败。
city4((player)) 试图写入 /data/games/mj_data.o 失败。
city4((player)) 试图写入 /data/games/mj_data.o 失败。
city4((player)) 试图写入 /data/games/mj_data.o 失败。
city4((player)) 试图写入 /data/games/mj_data.o 失败。
city4((player)) 试图写入 /data/games/mj_data.o 失败。
city4((player)) 试图写入 /data/games/mj_data.o 失败。
city4((player)) 试图写入 /data/games/mj_data.o 失败。
city4((player)) 试图写入 /data/games/mj_data.o 失败。
city4((player)) 试图写入 /data/games/mj_data.o 失败。
city4((player)) 试图写入 /data/games/mj_data.o 失败。
city4((player)) 试图写入 /data/games/mj_data.o 失败。
city4((player)) 试图写入 /data/games/mj_data.o 失败。
city4((player)) 试图写入 /data/games/mj_data.o 失败。
city4((player)) 试图写入 /data/games/mj_data.o 失败。
city4((player)) 试图写入 /data/games/mj_data.o 失败。
city4((player)) 试图写入 /data/games/mj_data.o 失败。
city4((player)) 试图写入 /data/games/mj_data.o 失败。
city4((player)) 试图写入 /data/games/mj_data.o 失败。
city4((player)) 试图写入 /data/games/mj_data.o 失败。
city4((player)) 试图写入 /data/games/mj_data.o 失败。
city4((player)) 试图写入 /data/games/mj_data.o 失败。
city4((player)) 试图写入 /data/games/mj_data.o 失败。
city4((player)) 试图写入 /data/games/mj_data.o 失败。
city4((player)) 试图写入 /data/games/mj_data.o 失败。
city4((player)) 试图写入 /data/games/mj_data.o 失败。
city4((player)) 试图写入 /data/games/mj_data.o 失败。
city4((player)) 试图写入 /data/games/mj_data.o 失败。
city4((player)) 试图写入 /data/games/mj_data.o 失败。
city4((player)) 试图写入 /data/games/mj_data.o 失败。
city4((player)) 试图写入 /data/games/mj_data.o 失败。
city4((player)) 试图写入 /data/games/mj_data.o 失败。
city4((player)) 试图写入 /data/games/mj_data.o 失败。
city4((player)) 试图写入 /data/games/mj_data.o 失败。
city4((player)) 试图写入 /data/games/mj_data.o 失败。
city4((player)) 试图写入 /data/games/mj_data.o 失败。
city4((player)) 试图写入 /data/games/mj_data.o 失败。
city4((player)) 试图写入 /data/games/mj_data.o 失败。
city4((player)) 试图写入 /data/games/mj_data.o 失败。
city4((player)) 试图写入 /data/games/mj_data.o 失败。
city4((player)) 试图写入 /data/games/mj_data.o 失败。
city4((player)) 试图写入 /data/games/mj_data.o 失败。
city4((player)) 试图写入 /data/games/mj_data.o 失败。
city4((player)) 试图写入 /data/games/mj_data.o 失败。
city4((player)) 试图写入 /data/games/mj_data.o 失败。
city4((player)) 试图写入 /data/games/mj_data.o 失败。
city4((player)) 试图写入 /data/games/mj_data.o 失败。
city4((player)) 试图写入 /data/games/mj_data.o 失败。
city4((player)) 试图写入 /data/games/mj_data.o 失败。
city4((player)) 试图写入 /data/games/mj_data.o 失败。
city4((player)) 试图写入 /data/games/mj_data.o 失败。
city4((player)) 试图写入 /data/games/mj_data.o 失败。
city4((player)) 试图写入 /data/games/mj_data.o 失败。
city4((player)) 试图写入 /data/games/mj_data.o 失败。
city4((player)) 试图写入 /data/games/mj_data.o 失败。
city4((player)) 试图写入 /data/games/mj_data.o 失败。
city4((player)) 试图写入 /data/games/mj_data.o 失败。
city4((player)) 试图写入 /data/games/mj_data.o 失败。
city4((player)) 试图写入 /data/games/mj_data.o 失败。
city4((player)) 试图写入 /data/games/mj_data.o 失败。
city4((player)) 试图写入 /data/games/mj_data.o 失败。
city4((player)) 试图写入 /data/games/mj_data.o 失败。
city4((player)) 试图写入 /data/games/mj_data.o 失败。
city4((player)) 试图写入 /data/games/mj_data.o 失败。
city4((player)) 试图写入 /data/games/mj_data.o 失败。
city4((player)) 试图写入 /data/games/mj_data.o 失败。
city4((player)) 试图写入 /data/games/mj_data.o 失败。
city4((player)) 试图写入 /data/games/mj_data.o 失败。
city4((player)) 试图写入 /data/games/mj_data.o 失败。
city4((player)) 试图写入 /data/games/mj_data.o 失败。
city4((player)) 试图写入 /data/games/mj_data.o 失败。
city4((player)) 试图写入 /data/games/mj_data.o 失败。
city4((player)) 试图写入 /data/games/mj_data.o 失败。
city4((player)) 试图写入 /data/games/mj_data.o 失败。
city4((player)) 试图写入 /data/games/mj_data.o 失败。
city4((player)) 试图写入 /data/games/mj_data.o 失败。
city4((player)) 试图写入 /data/games/mj_data.o 失败。
city4((player)) 试图写入 /data/games/mj_data.o 失败。
city4((player)) 试图写入 /data/games/mj_data.o 失败。
city4((player)) 试图写入 /data/games/mj_data.o 失败。
city4((player)) 试图写入 /data/games/mj_data.o 失败。
city4((player)) 试图写入 /data/games/mj_data.o 失败。
city4((player)) 试图写入 /data/games/mj_data.o 失败。
city4((player)) 试图写入 /data/games/mj_data.o 失败。
city4((player)) 试图写入 /data/games/mj_data.o 失败。
city4((player)) 试图写入 /data/games/mj_data.o 失败。
city4((player)) 试图写入 /data/games/mj_data.o 失败。
city4((player)) 试图写入 /data/games/mj_data.o 失败。
city4((player)) 试图写入 /data/games/mj_data.o 失败。
city4((player)) 试图写入 /data/games/mj_data.o 失败。
city4((player)) 试图写入 /data/games/mj_data.o 失败。
city4((player)) 试图写入 /data/games/mj_data.o 失败。
city4((player)) 试图写入 /data/games/mj_data.o 失败。
city4((player)) 试图写入 /data/games/mj_data.o 失败。
city4((player)) 试图写入 /data/games/mj_data.o 失败。
city4((player)) 试图写入 /data/games/mj_data.o 失败。
city4((player)) 试图写入 /data/games/mj_data.o 失败。
city4((player)) 试图写入 /data/games/mj_data.o 失败。
city4((player)) 试图写入 /data/games/mj_data.o 失败。
city4((player)) 试图写入 /data/games/mj_data.o 失败。
city4((player)) 试图写入 /data/games/mj_data.o 失败。
city4((player)) 试图写入 /data/games/mj_data.o 失败。
city4((player)) 试图写入 /data/games/mj_data.o 失败。
city4((player)) 试图写入 /data/games/mj_data.o 失败。
city4((player)) 试图写入 /data/games/mj_data.o 失败。
city4((player)) 试图写入 /data/games/mj_data.o 失败。
city4((player)) 试图写入 /data/games/mj_data.o 失败。
city4((player)) 试图写入 /data/games/mj_data.o 失败。
city4((player)) 试图写入 /data/games/mj_data.o 失败。
city4((player)) 试图写入 /data/games/mj_data.o 失败。
city4((player)) 试图写入 /data/games/mj_data.o 失败。
city4((player)) 试图写入 /data/games/mj_data.o 失败。
city4((player)) 试图写入 /data/games/mj_data.o 失败。
city4((player)) 试图写入 /data/games/mj_data.o 失败。
city4((player)) 试图写入 /data/games/mj_data.o 失败。
city4((player)) 试图写入 /data/games/mj_data.o 失败。
city4((player)) 试图写入 /data/games/mj_data.o 失败。
city4((player)) 试图写入 /data/games/mj_data.o 失败。
city4((player)) 试图写入 /data/games/mj_data.o 失败。
city4((player)) 试图写入 /data/games/mj_data.o 失败。
city4((player)) 试图写入 /data/games/mj_data.o 失败。
city4((player)) 试图写入 /data/games/mj_data.o 失败。
city4((player)) 试图写入 /data/games/mj_data.o 失败。
city4((player)) 试图写入 /data/games/mj_data.o 失败。
city4((player)) 试图写入 /data/games/mj_data.o 失败。
city4((player)) 试图写入 /data/games/mj_data.o 失败。
city4((player)) 试图写入 /data/games/mj_data.o 失败。
city4((player)) 试图写入 /data/games/mj_data.o 失败。
city4((player)) 试图写入 /data/games/mj_data.o 失败。
city4((player)) 试图写入 /data/games/mj_data.o 失败。
city4((player)) 试图写入 /data/games/mj_data.o 失败。
city4((player)) 试图写入 /data/games/mj_data.o 失败。
city4((player)) 试图写入 /data/games/mj_data.o 失败。
city4((player)) 试图写入 /data/games/mj_data.o 失败。
city4((player)) 试图写入 /data/games/mj_data.o 失败。
city4((player)) 试图写入 /data/games/mj_data.o 失败。
city4((player)) 试图写入 /data/games/mj_data.o 失败。
city4((player)) 试图写入 /data/games/mj_data.o 失败。
city4((player)) 试图写入 /data/games/mj_data.o 失败。
city4((player)) 试图写入 /data/games/mj_data.o 失败。
city4((player)) 试图写入 /data/games/mj_data.o 失败。
city4((player)) 试图写入 /data/games/mj_data.o 失败。
city4((player)) 试图写入 /data/games/mj_data.o 失败。
city4((player)) 试图写入 /data/games/mj_data.o 失败。
city4((player)) 试图写入 /data/games/mj_data.o 失败。
city4((player)) 试图写入 /data/games/mj_data.o 失败。
city4((player)) 试图写入 /data/games/mj_data.o 失败。
city4((player)) 试图写入 /data/games/mj_data.o 失败。
city4((player)) 试图写入 /data/games/mj_data.o 失败。
city4((player)) 试图写入 /data/games/mj_data.o 失败。
city4((player)) 试图写入 /data/games/mj_data.o 失败。
city4((player)) 试图写入 /data/games/mj_data.o 失败。
city4((player)) 试图写入 /data/games/mj_data.o 失败。
city4((player)) 试图写入 /data/games/mj_data.o 失败。
city4((player)) 试图写入 /data/games/mj_data.o 失败。
city4((player)) 试图写入 /data/games/mj_data.o 失败。
city4((player)) 试图写入 /data/games/mj_data.o 失败。
city4((player)) 试图写入 /data/games/mj_data.o 失败。
city4((player)) 试图写入 /data/games/mj_data.o 失败。
city4((player)) 试图写入 /data/games/mj_data.o 失败。
city4((player)) 试图写入 /data/games/mj_data.o 失败。
city4((player)) 试图写入 /data/games/mj_data.o 失败。
city4((player)) 试图写入 /data/games/mj_data.o 失败。
city4((player)) 试图写入 /data/games/mj_data.o 失败。
city4((player)) 试图写入 /data/games/mj_data.o 失败。
city4((player)) 试图写入 /data/games/mj_data.o 失败。
city4((player)) 试图写入 /data/games/mj_data.o 失败。
city4((player)) 试图写入 /data/games/mj_data.o 失败。
city4((player)) 试图写入 /data/games/mj_data.o 失败。
city4((player)) 试图写入 /data/games/mj_data.o 失败。
city4((player)) 试图写入 /data/games/mj_data.o 失败。
city4((player)) 试图写入 /data/games/mj_data.o 失败。
city4((player)) 试图写入 /data/games/mj_data.o 失败。
city4((player)) 试图写入 /data/games/mj_data.o 失败。
city4((player)) 试图写入 /data/games/mj_data.o 失败。
city4((player)) 试图写入 /data/games/mj_data.o 失败。
city4((player)) 试图写入 /data/games/mj_data.o 失败。
city4((player)) 试图写入 /data/games/mj_data.o 失败。
city4((player)) 试图写入 /data/games/mj_data.o 失败。
city4((player)) 试图写入 /data/games/mj_data.o 失败。
city4((player)) 试图写入 /data/games/mj_data.o 失败。
city4((player)) 试图写入 /data/games/mj_data.o 失败。
city4((player)) 试图写入 /data/games/mj_data.o 失败。
city4((player)) 试图写入 /data/games/mj_data.o 失败。
city4((player)) 试图写入 /data/games/mj_data.o 失败。
city4((player)) 试图写入 /data/games/mj_data.o 失败。
city4((player)) 试图写入 /data/games/mj_data.o 失败。
city4((player)) 试图写入 /data/games/mj_data.o 失败。
city4((player)) 试图写入 /data/games/mj_data.o 失败。
city4((player)) 试图写入 /data/games/mj_data.o 失败。
city4((player)) 试图写入 /data/games/mj_data.o 失败。
city4((player)) 试图写入 /data/games/mj_data.o 失败。
city4((player)) 试图写入 /data/games/mj_data.o 失败。
city4((player)) 试图写入 /data/games/mj_data.o 失败。
city4((player)) 试图写入 /data/games/mj_data.o 失败。
city4((player)) 试图写入 /data/games/mj_data.o 失败。
city4((player)) 试图写入 /data/games/mj_data.o 失败。
city4((player)) 试图写入 /data/games/mj_data.o 失败。
city4((player)) 试图写入 /data/games/mj_data.o 失败。
city4((player)) 试图写入 /data/games/mj_data.o 失败。
city4((player)) 试图写入 /data/games/mj_data.o 失败。
city4((player)) 试图写入 /data/games/mj_data.o 失败。
city4((player)) 试图写入 /data/games/mj_data.o 失败。
city4((player)) 试图写入 /data/games/mj_data.o 失败。
city4((player)) 试图写入 /data/games/mj_data.o 失败。
city4((player)) 试图写入 /data/games/mj_data.o 失败。
city4((player)) 试图写入 /data/games/mj_data.o 失败。
city4((player)) 试图写入 /data/games/mj_data.o 失败。
city4((player)) 试图写入 /data/games/mj_data.o 失败。
city4((player)) 试图写入 /data/games/mj_data.o 失败。
city4((player)) 试图写入 /data/games/mj_data.o 失败。
city4((player)) 试图写入 /data/games/mj_data.o 失败。
city4((player)) 试图写入 /data/games/mj_data.o 失败。
city4((player)) 试图写入 /data/games/mj_data.o 失败。
city4((player)) 试图写入 /data/games/mj_data.o 失败。
city4((player)) 试图写入 /data/games/mj_data.o 失败。
city4((player)) 试图写入 /data/games/mj_data.o 失败。
city4((player)) 试图写入 /data/games/mj_data.o 失败。
city4((player)) 试图写入 /data/games/mj_data.o 失败。
city4((player)) 试图写入 /data/games/mj_data.o 失败。
city4((player)) 试图写入 /data/games/mj_data.o 失败。
city4((player)) 试图写入 /data/games/mj_data.o 失败。
city4((player)) 试图写入 /data/games/mj_data.o 失败。
city4((player)) 试图写入 /data/games/mj_data.o 失败。
city4((player)) 试图写入 /data/games/mj_data.o 失败。
city4((player)) 试图写入 /data/games/mj_data.o 失败。
city4((player)) 试图写入 /data/games/mj_data.o 失败。
city4((player)) 试图写入 /data/games/mj_data.o 失败。
city4((player)) 试图写入 /data/games/mj_data.o 失败。
city4((player)) 试图写入 /data/games/mj_data.o 失败。
city4((player)) 试图写入 /data/games/mj_data.o 失败。
city4((player)) 试图写入 /data/games/mj_data.o 失败。
city4((player)) 试图写入 /data/games/mj_data.o 失败。
city4((player)) 试图写入 /data/games/mj_data.o 失败。
city4((player)) 试图写入 /data/games/mj_data.o 失败。
city4((player)) 试图写入 /data/games/mj_data.o 失败。
city4((player)) 试图写入 /data/games/mj_data.o 失败。
city4((player)) 试图写入 /data/games/mj_data.o 失败。
city4((player)) 试图写入 /data/games/mj_data.o 失败。
city4((player)) 试图写入 /data/games/mj_data.o 失败。
city4((player)) 试图写入 /data/games/mj_data.o 失败。
city4((player)) 试图写入 /data/games/mj_data.o 失败。
city4((player)) 试图写入 /data/games/mj_data.o 失败。
city4((player)) 试图写入 /data/games/mj_data.o 失败。
city4((player)) 试图写入 /data/games/mj_data.o 失败。
city4((player)) 试图写入 /data/games/mj_data.o 失败。
city4((player)) 试图写入 /data/games/mj_data.o 失败。
city4((player)) 试图写入 /data/games/mj_data.o 失败。
city4((player)) 试图写入 /data/games/mj_data.o 失败。
city4((player)) 试图写入 /data/games/mj_data.o 失败。
city4((player)) 试图写入 /data/games/mj_data.o 失败。
city4((player)) 试图写入 /data/games/mj_data.o 失败。
city4((player)) 试图写入 /data/games/mj_data.o 失败。
city4((player)) 试图写入 /data/games/mj_data.o 失败。
city4((player)) 试图写入 /data/games/mj_data.o 失败。
city4((player)) 试图写入 /data/games/mj_data.o 失败。
city4((player)) 试图写入 /data/games/mj_data.o 失败。
city4((player)) 试图写入 /data/games/mj_data.o 失败。
city4((player)) 试图写入 /data/games/mj_data.o 失败。
city4((player)) 试图写入 /data/games/mj_data.o 失败。
city4((player)) 试图写入 /data/games/mj_data.o 失败。
city4((player)) 试图写入 /data/games/mj_data.o 失败。
city4((player)) 试图写入 /data/games/mj_data.o 失败。
city4((player)) 试图写入 /data/games/mj_data.o 失败。
city4((player)) 试图写入 /data/games/mj_data.o 失败。
city4((player)) 试图写入 /data/games/mj_data.o 失败。
city4((player)) 试图写入 /data/games/mj_data.o 失败。
city4((player)) 试图写入 /data/games/mj_data.o 失败。
city4((player)) 试图写入 /data/games/mj_data.o 失败。
city4((player)) 试图写入 /data/games/mj_data.o 失败。
city4((player)) 试图写入 /data/games/mj_data.o 失败。
city4((player)) 试图写入 /data/games/mj_data.o 失败。
city4((player)) 试图写入 /data/games/mj_data.o 失败。
city4((player)) 试图写入 /data/games/mj_data.o 失败。
city4((player)) 试图写入 /data/games/mj_data.o 失败。
city4((player)) 试图写入 /data/games/mj_data.o 失败。
city4((player)) 试图写入 /data/games/mj_data.o 失败。
city4((player)) 试图写入 /data/games/mj_data.o 失败。
city4((player)) 试图写入 /data/games/mj_data.o 失败。
city4((player)) 试图写入 /data/games/mj_data.o 失败。
city4((player)) 试图写入 /data/games/mj_data.o 失败。
city4((player)) 试图写入 /data/games/mj_data.o 失败。
city4((player)) 试图写入 /data/games/mj_data.o 失败。
city4((player)) 试图写入 /data/games/mj_data.o 失败。
city4((player)) 试图写入 /data/games/mj_data.o 失败。
city4((player)) 试图写入 /data/games/mj_data.o 失败。
city4((player)) 试图写入 /data/games/mj_data.o 失败。
city4((player)) 试图写入 /data/games/mj_data.o 失败。
city4((player)) 试图写入 /data/games/mj_data.o 失败。
city4((player)) 试图写入 /data/games/mj_data.o 失败。
city4((player)) 试图写入 /data/games/mj_data.o 失败。
city4((player)) 试图写入 /data/games/mj_data.o 失败。
city4((player)) 试图写入 /data/games/mj_data.o 失败。
city4((player)) 试图写入 /data/games/mj_data.o 失败。
city4((player)) 试图写入 /data/games/mj_data.o 失败。
city4((player)) 试图写入 /data/games/mj_data.o 失败。
city4((player)) 试图写入 /data/games/mj_data.o 失败。
city4((player)) 试图写入 /data/games/mj_data.o 失败。
city4((player)) 试图写入 /data/games/mj_data.o 失败。
city4((player)) 试图写入 /data/games/mj_data.o 失败。
city4((player)) 试图写入 /data/games/mj_data.o 失败。
city4((player)) 试图写入 /data/games/mj_data.o 失败。
city4((player)) 试图写入 /data/games/mj_data.o 失败。
city4((player)) 试图写入 /data/games/mj_data.o 失败。
city4((player)) 试图写入 /data/games/mj_data.o 失败。
city4((player)) 试图写入 /data/games/mj_data.o 失败。
city4((player)) 试图写入 /data/games/mj_data.o 失败。
city4((player)) 试图写入 /data/games/mj_data.o 失败。
city4((player)) 试图写入 /data/games/mj_data.o 失败。
city4((player)) 试图写入 /data/games/mj_data.o 失败。
city4((player)) 试图写入 /data/games/mj_data.o 失败。
city4((player)) 试图写入 /data/games/mj_data.o 失败。
city4((player)) 试图写入 /data/games/mj_data.o 失败。
city4((player)) 试图写入 /data/games/mj_data.o 失败。
city4((player)) 试图写入 /data/games/mj_data.o 失败。
city4((player)) 试图写入 /data/games/mj_data.o 失败。
city4((player)) 试图写入 /data/games/mj_data.o 失败。
city4((player)) 试图写入 /data/games/mj_data.o 失败。
city4((player)) 试图写入 /data/games/mj_data.o 失败。
city4((player)) 试图写入 /data/games/mj_data.o 失败。
city4((player)) 试图写入 /data/games/mj_data.o 失败。
city4((player)) 试图写入 /data/games/mj_data.o 失败。
city4((player)) 试图写入 /data/games/mj_data.o 失败。
city4((player)) 试图写入 /data/games/mj_data.o 失败。
city4((player)) 试图写入 /data/games/mj_data.o 失败。
city4((player)) 试图写入 /data/games/mj_data.o 失败。
city4((player)) 试图写入 /data/games/mj_data.o 失败。
city4((player)) 试图写入 /data/games/mj_data.o 失败。
city4((player)) 试图写入 /data/games/mj_data.o 失败。
city4((player)) 试图写入 /data/games/mj_data.o 失败。
city4((player)) 试图写入 /data/games/mj_data.o 失败。
city4((player)) 试图写入 /data/games/mj_data.o 失败。
city4((player)) 试图写入 /data/games/mj_data.o 失败。
city4((player)) 试图写入 /data/games/mj_data.o 失败。
city4((player)) 试图写入 /data/games/mj_data.o 失败。
city4((player)) 试图写入 /data/games/mj_data.o 失败。
city4((player)) 试图写入 /data/games/mj_data.o 失败。
city4((player)) 试图写入 /data/games/mj_data.o 失败。
city4((player)) 试图写入 /data/games/mj_data.o 失败。
city4((player)) 试图写入 /data/games/mj_data.o 失败。
city4((player)) 试图写入 /data/games/mj_data.o 失败。
city4((player)) 试图写入 /data/games/mj_data.o 失败。
city4((player)) 试图写入 /data/games/mj_data.o 失败。
city4((player)) 试图写入 /data/games/mj_data.o 失败。
city4((player)) 试图写入 /data/games/mj_data.o 失败。
city4((player)) 试图写入 /data/games/mj_data.o 失败。
city4((player)) 试图写入 /data/games/mj_data.o 失败。
city4((player)) 试图写入 /data/games/mj_data.o 失败。
city4((player)) 试图写入 /data/games/mj_data.o 失败。
city4((player)) 试图写入 /data/games/mj_data.o 失败。
city4((player)) 试图写入 /data/games/mj_data.o 失败。
city4((player)) 试图写入 /data/games/mj_data.o 失败。
city4((player)) 试图写入 /data/games/mj_data.o 失败。
city4((player)) 试图写入 /data/games/mj_data.o 失败。
city4((player)) 试图写入 /data/games/mj_data.o 失败。
city4((player)) 试图写入 /data/games/mj_data.o 失败。
city4((player)) 试图写入 /data/games/mj_data.o 失败。
city4((player)) 试图写入 /data/games/mj_data.o 失败。
city4((player)) 试图写入 /data/games/mj_data.o 失败。
city4((player)) 试图写入 /data/games/mj_data.o 失败。
city4((player)) 试图写入 /data/games/mj_data.o 失败。
city4((player)) 试图写入 /data/games/mj_data.o 失败。
city4((player)) 试图写入 /data/games/mj_data.o 失败。
city4((player)) 试图写入 /data/games/mj_data.o 失败。
city4((player)) 试图写入 /data/games/mj_data.o 失败。
city4((player)) 试图写入 /data/games/mj_data.o 失败。
city4((player)) 试图写入 /data/games/mj_data.o 失败。
city4((player)) 试图写入 /data/games/mj_data.o 失败。
city4((player)) 试图写入 /data/games/mj_data.o 失败。
city4((player)) 试图写入 /data/games/mj_data.o 失败。
city4((player)) 试图写入 /data/games/mj_data.o 失败。
city4((player)) 试图写入 /data/games/mj_data.o 失败。
city4((player)) 试图写入 /data/games/mj_data.o 失败。
city4((player)) 试图写入 /data/games/mj_data.o 失败。
city4((player)) 试图写入 /data/games/mj_data.o 失败。
city4((player)) 试图写入 /data/games/mj_data.o 失败。
city4((player)) 试图写入 /data/games/mj_data.o 失败。
city4((player)) 试图写入 /data/games/mj_data.o 失败。
city4((player)) 试图写入 /data/games/mj_data.o 失败。
city4((player)) 试图写入 /data/games/mj_data.o 失败。
city4((player)) 试图写入 /data/games/mj_data.o 失败。
city4((player)) 试图写入 /data/games/mj_data.o 失败。
city4((player)) 试图写入 /data/games/mj_data.o 失败。
city4((player)) 试图写入 /data/games/mj_data.o 失败。
city4((player)) 试图写入 /data/games/mj_data.o 失败。
city4((player)) 试图写入 /data/games/mj_data.o 失败。
city4((player)) 试图写入 /data/games/mj_data.o 失败。
city4((player)) 试图写入 /data/games/mj_data.o 失败。
city4((player)) 试图写入 /data/games/mj_data.o 失败。
city4((player)) 试图写入 /data/games/mj_data.o 失败。
city4((player)) 试图写入 /data/games/mj_data.o 失败。
city4((player)) 试图写入 /data/games/mj_data.o 失败。
city4((player)) 试图写入 /data/games/mj_data.o 失败。
city4((player)) 试图写入 /data/games/mj_data.o 失败。
city4((player)) 试图写入 /data/games/mj_data.o 失败。
city4((player)) 试图写入 /data/games/mj_data.o 失败。
city4((player)) 试图写入 /data/games/mj_data.o 失败。
city4((player)) 试图写入 /data/games/mj_data.o 失败。
city4((player)) 试图写入 /data/games/mj_data.o 失败。
city4((player)) 试图写入 /data/games/mj_data.o 失败。
city4((player)) 试图写入 /data/games/mj_data.o 失败。
city4((player)) 试图写入 /data/games/mj_data.o 失败。
city4((player)) 试图写入 /data/games/mj_data.o 失败。
city4((player)) 试图写入 /data/games/mj_data.o 失败。
city4((player)) 试图写入 /data/games/mj_data.o 失败。
city4((player)) 试图写入 /data/games/mj_data.o 失败。
city4((player)) 试图写入 /data/games/mj_data.o 失败。
city4((player)) 试图写入 /data/games/mj_data.o 失败。
city4((player)) 试图写入 /data/games/mj_data.o 失败。
city4((player)) 试图写入 /data/games/mj_data.o 失败。
city4((player)) 试图写入 /data/games/mj_data.o 失败。
city4((player)) 试图写入 /data/games/mj_data.o 失败。
city4((player)) 试图写入 /data/games/mj_data.o 失败。
city4((player)) 试图写入 /data/games/mj_data.o 失败。
city4((player)) 试图写入 /data/games/mj_data.o 失败。
city4((player)) 试图写入 /data/games/mj_data.o 失败。
city4((player)) 试图写入 /data/games/mj_data.o 失败。
city4((player)) 试图写入 /data/games/mj_data.o 失败。
city4((player)) 试图写入 /data/games/mj_data.o 失败。
city4((player)) 试图写入 /data/games/mj_data.o 失败。
city4((player)) 试图写入 /data/games/mj_data.o 失败。
city4((player)) 试图写入 /data/games/mj_data.o 失败。
city4((player)) 试图写入 /data/games/mj_data.o 失败。
city4((player)) 试图写入 /data/games/mj_data.o 失败。
city4((player)) 试图写入 /data/games/mj_data.o 失败。
city4((player)) 试图写入 /data/games/mj_data.o 失败。
city4((player)) 试图写入 /data/games/mj_data.o 失败。
city4((player)) 试图写入 /data/games/mj_data.o 失败。
city4((player)) 试图写入 /data/games/mj_data.o 失败。
city4((player)) 试图写入 /data/games/mj_data.o 失败。
city4((player)) 试图写入 /data/games/mj_data.o 失败。
city4((player)) 试图写入 /data/games/mj_data.o 失败。
city4((player)) 试图写入 /data/games/mj_data.o 失败。
city4((player)) 试图写入 /data/games/mj_data.o 失败。
city4((player)) 试图写入 /data/games/mj_data.o 失败。
city4((player)) 试图写入 /data/games/mj_data.o 失败。
city4((player)) 试图写入 /data/games/mj_data.o 失败。
city4((player)) 试图写入 /data/games/mj_data.o 失败。
city4((player)) 试图写入 /data/games/mj_data.o 失败。
city4((player)) 试图写入 /data/games/mj_data.o 失败。
city4((player)) 试图写入 /data/games/mj_data.o 失败。
city4((player)) 试图写入 /data/games/mj_data.o 失败。
city4((player)) 试图写入 /data/games/mj_data.o 失败。
city4((player)) 试图写入 /data/games/mj_data.o 失败。
city4((player)) 试图写入 /data/games/mj_data.o 失败。
city4((player)) 试图写入 /data/games/mj_data.o 失败。
city4((player)) 试图写入 /data/games/mj_data.o 失败。
city4((player)) 试图写入 /data/games/mj_data.o 失败。
city4((player)) 试图写入 /data/games/mj_data.o 失败。
city4((player)) 试图写入 /data/games/mj_data.o 失败。
city4((player)) 试图写入 /data/games/mj_data.o 失败。
city4((player)) 试图写入 /data/games/mj_data.o 失败。
city4((player)) 试图写入 /data/games/mj_data.o 失败。
city4((player)) 试图写入 /data/games/mj_data.o 失败。
city4((player)) 试图写入 /data/games/mj_data.o 失败。
city4((player)) 试图写入 /data/games/mj_data.o 失败。
city4((player)) 试图写入 /data/games/mj_data.o 失败。
city4((player)) 试图写入 /data/games/mj_data.o 失败。
city4((player)) 试图写入 /data/games/mj_data.o 失败。
city4((player)) 试图写入 /data/games/mj_data.o 失败。
city4((player)) 试图写入 /data/games/mj_data.o 失败。
city4((player)) 试图写入 /data/games/mj_data.o 失败。
city4((player)) 试图写入 /data/games/mj_data.o 失败。
city4((player)) 试图写入 /data/games/mj_data.o 失败。
city4((player)) 试图写入 /data/games/mj_data.o 失败。
city4((player)) 试图写入 /data/games/mj_data.o 失败。
city4((player)) 试图写入 /data/games/mj_data.o 失败。
city4((player)) 试图写入 /data/games/mj_data.o 失败。
city4((player)) 试图写入 /data/games/mj_data.o 失败。
city4((player)) 试图写入 /data/games/mj_data.o 失败。
city4((player)) 试图写入 /data/games/mj_data.o 失败。
city4((player)) 试图写入 /data/games/mj_data.o 失败。
city4((player)) 试图写入 /data/games/mj_data.o 失败。
city4((player)) 试图写入 /data/games/mj_data.o 失败。
city4((player)) 试图写入 /data/games/mj_data.o 失败。
city4((player)) 试图写入 /data/games/mj_data.o 失败。
city4((player)) 试图写入 /data/games/mj_data.o 失败。
city4((player)) 试图写入 /data/games/mj_data.o 失败。
city4((player)) 试图写入 /data/games/mj_data.o 失败。
city4((player)) 试图写入 /data/games/mj_data.o 失败。
city4((player)) 试图写入 /data/games/mj_data.o 失败。
city4((player)) 试图写入 /data/games/mj_data.o 失败。
city4((player)) 试图写入 /data/games/mj_data.o 失败。
city4((player)) 试图写入 /data/games/mj_data.o 失败。
city4((player)) 试图写入 /data/games/mj_data.o 失败。
city4((player)) 试图写入 /data/games/mj_data.o 失败。
city4((player)) 试图写入 /data/games/mj_data.o 失败。
city4((player)) 试图写入 /data/games/mj_data.o 失败。
city4((player)) 试图写入 /data/games/mj_data.o 失败。
city4((player)) 试图写入 /data/games/mj_data.o 失败。
city4((player)) 试图写入 /data/games/mj_data.o 失败。
city4((player)) 试图写入 /data/games/mj_data.o 失败。
city4((player)) 试图写入 /data/games/mj_data.o 失败。
city4((player)) 试图写入 /data/games/mj_data.o 失败。
city4((player)) 试图写入 /data/games/mj_data.o 失败。
city4((player)) 试图写入 /data/games/mj_data.o 失败。
city4((player)) 试图写入 /data/games/mj_data.o 失败。
city4((player)) 试图写入 /data/games/mj_data.o 失败。
city4((player)) 试图写入 /data/games/mj_data.o 失败。
city4((player)) 试图写入 /data/games/mj_data.o 失败。
city4((player)) 试图写入 /data/games/mj_data.o 失败。
city4((player)) 试图写入 /data/games/mj_data.o 失败。
city4((player)) 试图写入 /data/games/mj_data.o 失败。
city4((player)) 试图写入 /data/games/mj_data.o 失败。
city4((player)) 试图写入 /data/games/mj_data.o 失败。
city4((player)) 试图写入 /data/games/mj_data.o 失败。
city4((player)) 试图写入 /data/games/mj_data.o 失败。
city4((player)) 试图写入 /data/games/mj_data.o 失败。
city4((player)) 试图写入 /data/games/mj_data.o 失败。
city4((player)) 试图写入 /data/games/mj_data.o 失败。
city4((player)) 试图写入 /data/games/mj_data.o 失败。
city4((player)) 试图写入 /data/games/mj_data.o 失败。
city4((player)) 试图写入 /data/games/mj_data.o 失败。
city4((player)) 试图写入 /data/games/mj_data.o 失败。
city4((player)) 试图写入 /data/games/mj_data.o 失败。
city4((player)) 试图写入 /data/games/mj_data.o 失败。
city4((player)) 试图写入 /data/games/mj_data.o 失败。
city4((player)) 试图写入 /data/games/mj_data.o 失败。
city4((player)) 试图写入 /data/games/mj_data.o 失败。
city4((player)) 试图写入 /data/games/mj_data.o 失败。
city4((player)) 试图写入 /data/games/mj_data.o 失败。
city4((player)) 试图写入 /data/games/mj_data.o 失败。
city4((player)) 试图写入 /data/games/mj_data.o 失败。
city4((player)) 试图写入 /data/games/mj_data.o 失败。
city4((player)) 试图写入 /data/games/mj_data.o 失败。
city4((player)) 试图写入 /data/games/mj_data.o 失败。
city4((player)) 试图写入 /data/games/mj_data.o 失败。
city4((player)) 试图写入 /data/games/mj_data.o 失败。
city4((player)) 试图写入 /data/games/mj_data.o 失败。
city4((player)) 试图写入 /data/games/mj_data.o 失败。
city4((player)) 试图写入 /data/games/mj_data.o 失败。
city4((player)) 试图写入 /data/games/mj_data.o 失败。
city4((player)) 试图写入 /data/games/mj_data.o 失败。
city4((player)) 试图写入 /data/games/mj_data.o 失败。
city4((player)) 试图写入 /data/games/mj_data.o 失败。
city4((player)) 试图写入 /data/games/mj_data.o 失败。
city4((player)) 试图写入 /data/games/mj_data.o 失败。
city4((player)) 试图写入 /data/games/mj_data.o 失败。
city4((player)) 试图写入 /data/games/mj_data.o 失败。
city4((player)) 试图写入 /data/games/mj_data.o 失败。
city4((player)) 试图写入 /data/games/mj_data.o 失败。
city4((player)) 试图写入 /data/games/mj_data.o 失败。
city4((player)) 试图写入 /data/games/mj_data.o 失败。
city4((player)) 试图写入 /data/games/mj_data.o 失败。
city4((player)) 试图写入 /data/games/mj_data.o 失败。
city4((player)) 试图写入 /data/games/mj_data.o 失败。
city4((player)) 试图写入 /data/games/mj_data.o 失败。
city4((player)) 试图写入 /data/games/mj_data.o 失败。
city4((player)) 试图写入 /data/games/mj_data.o 失败。
city4((player)) 试图写入 /data/games/mj_data.o 失败。
city4((player)) 试图写入 /data/games/mj_data.o 失败。
city4((player)) 试图写入 /data/games/mj_data.o 失败。
city4((player)) 试图写入 /data/games/mj_data.o 失败。
city4((player)) 试图写入 /data/games/mj_data.o 失败。
city4((player)) 试图写入 /data/games/mj_data.o 失败。
city4((player)) 试图写入 /data/games/mj_data.o 失败。
city4((player)) 试图写入 /data/games/mj_data.o 失败。
city4((player)) 试图写入 /data/games/mj_data.o 失败。
city4((player)) 试图写入 /data/games/mj_data.o 失败。
city4((player)) 试图写入 /data/games/mj_data.o 失败。
city4((player)) 试图写入 /data/games/mj_data.o 失败。
city4((player)) 试图写入 /data/games/mj_data.o 失败。
city4((player)) 试图写入 /data/games/mj_data.o 失败。
city4((player)) 试图写入 /data/games/mj_data.o 失败。
city4((player)) 试图写入 /data/games/mj_data.o 失败。
city4((player)) 试图写入 /data/games/mj_data.o 失败。
city4((player)) 试图写入 /data/games/mj_data.o 失败。
city4((player)) 试图写入 /data/games/mj_data.o 失败。
city4((player)) 试图写入 /data/games/mj_data.o 失败。
city4((player)) 试图写入 /data/games/mj_data.o 失败。
city4((player)) 试图写入 /data/games/mj_data.o 失败。
city4((player)) 试图写入 /data/games/mj_data.o 失败。
city4((player)) 试图写入 /data/games/mj_data.o 失败。
city4((player)) 试图写入 /data/games/mj_data.o 失败。
city4((player)) 试图写入 /data/games/mj_data.o 失败。
city4((player)) 试图写入 /data/games/mj_data.o 失败。
city4((player)) 试图写入 /data/games/mj_data.o 失败。
city4((player)) 试图写入 /data/games/mj_data.o 失败。
city4((player)) 试图写入 /data/games/mj_data.o 失败。
city4((player)) 试图写入 /data/games/mj_data.o 失败。
city4((player)) 试图写入 /data/games/mj_data.o 失败。
city4((player)) 试图写入 /data/games/mj_data.o 失败。
city4((player)) 试图写入 /data/games/mj_data.o 失败。
city4((player)) 试图写入 /data/games/mj_data.o 失败。
city4((player)) 试图写入 /data/games/mj_data.o 失败。
city4((player)) 试图写入 /data/games/mj_data.o 失败。
city4((player)) 试图写入 /data/games/mj_data.o 失败。
city4((player)) 试图写入 /data/games/mj_data.o 失败。
city4((player)) 试图写入 /data/games/mj_data.o 失败。
city4((player)) 试图写入 /data/games/mj_data.o 失败。
city4((player)) 试图写入 /data/games/mj_data.o 失败。
city4((player)) 试图写入 /data/games/mj_data.o 失败。
city4((player)) 试图写入 /data/games/mj_data.o 失败。
city4((player)) 试图写入 /data/games/mj_data.o 失败。
city4((player)) 试图写入 /data/games/mj_data.o 失败。
city4((player)) 试图写入 /data/games/mj_data.o 失败。
city4((player)) 试图写入 /data/games/mj_data.o 失败。
city4((player)) 试图写入 /data/games/mj_data.o 失败。
city4((player)) 试图写入 /data/games/mj_data.o 失败。
city4((player)) 试图写入 /data/games/mj_data.o 失败。
city4((player)) 试图写入 /data/games/mj_data.o 失败。
city4((player)) 试图写入 /data/games/mj_data.o 失败。
city4((player)) 试图写入 /data/games/mj_data.o 失败。
city4((player)) 试图写入 /data/games/mj_data.o 失败。
city4((player)) 试图写入 /data/games/mj_data.o 失败。
city4((player)) 试图写入 /data/games/mj_data.o 失败。
city4((player)) 试图写入 /data/games/mj_data.o 失败。
city4((player)) 试图写入 /data/games/mj_data.o 失败。
city4((player)) 试图写入 /data/games/mj_data.o 失败。
city4((player)) 试图写入 /data/games/mj_data.o 失败。
city4((player)) 试图写入 /data/games/mj_data.o 失败。
city4((player)) 试图写入 /data/games/mj_data.o 失败。
city4((player)) 试图写入 /data/games/mj_data.o 失败。
city4((player)) 试图写入 /data/games/mj_data.o 失败。
city4((player)) 试图写入 /data/games/mj_data.o 失败。
city4((player)) 试图写入 /data/games/mj_data.o 失败。
city4((player)) 试图写入 /data/games/mj_data.o 失败。
city4((player)) 试图写入 /data/games/mj_data.o 失败。
city4((player)) 试图写入 /data/games/mj_data.o 失败。
city4((player)) 试图写入 /data/games/mj_data.o 失败。
city4((player)) 试图写入 /data/games/mj_data.o 失败。
city4((player)) 试图写入 /data/games/mj_data.o 失败。
city4((player)) 试图写入 /data/games/mj_data.o 失败。
city4((player)) 试图写入 /data/games/mj_data.o 失败。
city4((player)) 试图写入 /data/games/mj_data.o 失败。
city4((player)) 试图写入 /data/games/mj_data.o 失败。
city4((player)) 试图写入 /data/games/mj_data.o 失败。
city4((player)) 试图写入 /data/games/mj_data.o 失败。
city4((player)) 试图写入 /data/games/mj_data.o 失败。
city4((player)) 试图写入 /data/games/mj_data.o 失败。
city4((player)) 试图写入 /data/games/mj_data.o 失败。
city4((player)) 试图写入 /data/games/mj_data.o 失败。
city4((player)) 试图写入 /data/games/mj_data.o 失败。
city4((player)) 试图写入 /data/games/mj_data.o 失败。
city4((player)) 试图写入 /data/games/mj_data.o 失败。
city4((player)) 试图写入 /data/games/mj_data.o 失败。
city4((player)) 试图写入 /data/games/mj_data.o 失败。
city4((player)) 试图写入 /data/games/mj_data.o 失败。
city4((player)) 试图写入 /data/games/mj_data.o 失败。
city4((player)) 试图写入 /data/games/mj_data.o 失败。
city4((player)) 试图写入 /data/games/mj_data.o 失败。
city4((player)) 试图写入 /data/games/mj_data.o 失败。
city4((player)) 试图写入 /data/games/mj_data.o 失败。
city4((player)) 试图写入 /data/games/mj_data.o 失败。
city4((player)) 试图写入 /data/games/mj_data.o 失败。
city4((player)) 试图写入 /data/games/mj_data.o 失败。
city4((player)) 试图写入 /data/games/mj_data.o 失败。
city4((player)) 试图写入 /data/games/mj_data.o 失败。
city4((player)) 试图写入 /data/games/mj_data.o 失败。
city4((player)) 试图写入 /data/games/mj_data.o 失败。
city4((player)) 试图写入 /data/games/mj_data.o 失败。
city4((player)) 试图写入 /data/games/mj_data.o 失败。
city4((player)) 试图写入 /data/games/mj_data.o 失败。
city4((player)) 试图写入 /data/games/mj_data.o 失败。
city4((player)) 试图写入 /data/games/mj_data.o 失败。
city4((player)) 试图写入 /data/games/mj_data.o 失败。
city4((player)) 试图写入 /data/games/mj_data.o 失败。
city4((player)) 试图写入 /data/games/mj_data.o 失败。
city4((player)) 试图写入 /data/games/mj_data.o 失败。
city4((player)) 试图写入 /data/games/mj_data.o 失败。
city4((player)) 试图写入 /data/games/mj_data.o 失败。
city4((player)) 试图写入 /data/games/mj_data.o 失败。
city4((player)) 试图写入 /data/games/mj_data.o 失败。
city4((player)) 试图写入 /data/games/mj_data.o 失败。
city4((player)) 试图写入 /data/games/mj_data.o 失败。
city4((player)) 试图写入 /data/games/mj_data.o 失败。
city4((player)) 试图写入 /data/games/mj_data.o 失败。
city4((player)) 试图写入 /data/games/mj_data.o 失败。
city4((player)) 试图写入 /data/games/mj_data.o 失败。
city4((player)) 试图写入 /data/games/mj_data.o 失败。
city4((player)) 试图写入 /data/games/mj_data.o 失败。
city4((player)) 试图写入 /data/games/mj_data.o 失败。
city4((player)) 试图写入 /data/games/mj_data.o 失败。
city4((player)) 试图写入 /data/games/mj_data.o 失败。
city4((player)) 试图写入 /data/games/mj_data.o 失败。
city4((player)) 试图写入 /data/games/mj_data.o 失败。
city4((player)) 试图写入 /data/games/mj_data.o 失败。
city4((player)) 试图写入 /data/games/mj_data.o 失败。
city4((player)) 试图写入 /data/games/mj_data.o 失败。
city4((player)) 试图写入 /data/games/mj_data.o 失败。
city4((player)) 试图写入 /data/games/mj_data.o 失败。
city4((player)) 试图写入 /data/games/mj_data.o 失败。
city4((player)) 试图写入 /data/games/mj_data.o 失败。
city4((player)) 试图写入 /data/games/mj_data.o 失败。
city4((player)) 试图写入 /data/games/mj_data.o 失败。
city4((player)) 试图写入 /data/games/mj_data.o 失败。
city4((player)) 试图写入 /data/games/mj_data.o 失败。
city4((player)) 试图写入 /data/games/mj_data.o 失败。
city4((player)) 试图写入 /data/games/mj_data.o 失败。
city4((player)) 试图写入 /data/games/mj_data.o 失败。
city4((player)) 试图写入 /data/games/mj_data.o 失败。
city4((player)) 试图写入 /data/games/mj_data.o 失败。
city4((player)) 试图写入 /data/games/mj_data.o 失败。
city4((player)) 试图写入 /data/games/mj_data.o 失败。
city4((player)) 试图写入 /data/games/mj_data.o 失败。
city4((player)) 试图写入 /data/games/mj_data.o 失败。
city4((player)) 试图写入 /data/games/mj_data.o 失败。
city4((player)) 试图写入 /data/games/mj_data.o 失败。
city4((player)) 试图写入 /data/games/mj_data.o 失败。
city4((player)) 试图写入 /data/games/mj_data.o 失败。
city4((player)) 试图写入 /data/games/mj_data.o 失败。
city4((player)) 试图写入 /data/games/mj_data.o 失败。
city4((player)) 试图写入 /data/games/mj_data.o 失败。
city4((player)) 试图写入 /data/games/mj_data.o 失败。
city4((player)) 试图写入 /data/games/mj_data.o 失败。
city4((player)) 试图写入 /data/games/mj_data.o 失败。
city4((player)) 试图写入 /data/games/mj_data.o 失败。
city4((player)) 试图写入 /data/games/mj_data.o 失败。
city4((player)) 试图写入 /data/games/mj_data.o 失败。
city4((player)) 试图写入 /data/games/mj_data.o 失败。
city4((player)) 试图写入 /data/games/mj_data.o 失败。
city4((player)) 试图写入 /data/games/mj_data.o 失败。
city4((player)) 试图写入 /data/games/mj_data.o 失败。
city4((player)) 试图写入 /data/games/mj_data.o 失败。
city4((player)) 试图写入 /data/games/mj_data.o 失败。
city4((player)) 试图写入 /data/games/mj_data.o 失败。
city4((player)) 试图写入 /data/games/mj_data.o 失败。
city4((player)) 试图写入 /data/games/mj_data.o 失败。
city4((player)) 试图写入 /data/games/mj_data.o 失败。
city4((player)) 试图写入 /data/games/mj_data.o 失败。
city4((player)) 试图写入 /data/games/mj_data.o 失败。
city4((player)) 试图写入 /data/games/mj_data.o 失败。
city4((player)) 试图写入 /data/games/mj_data.o 失败。
city4((player)) 试图写入 /data/games/mj_data.o 失败。
city4((player)) 试图写入 /data/games/mj_data.o 失败。
city4((player)) 试图写入 /data/games/mj_data.o 失败。
city4((player)) 试图写入 /data/games/mj_data.o 失败。
city4((player)) 试图写入 /data/games/mj_data.o 失败。
city4((player)) 试图写入 /data/games/mj_data.o 失败。
city4((player)) 试图写入 /data/games/mj_data.o 失败。
city4((player)) 试图写入 /data/games/mj_data.o 失败。
city4((player)) 试图写入 /data/games/mj_data.o 失败。
city4((player)) 试图写入 /data/games/mj_data.o 失败。
city4((player)) 试图写入 /data/games/mj_data.o 失败。
city4((player)) 试图写入 /data/games/mj_data.o 失败。
city4((player)) 试图写入 /data/games/mj_data.o 失败。
city4((player)) 试图写入 /data/games/mj_data.o 失败。
city4((player)) 试图写入 /data/games/mj_data.o 失败。
city4((player)) 试图写入 /data/games/mj_data.o 失败。
city4((player)) 试图写入 /data/games/mj_data.o 失败。
city4((player)) 试图写入 /data/games/mj_data.o 失败。
city4((player)) 试图写入 /data/games/mj_data.o 失败。
city4((player)) 试图写入 /data/games/mj_data.o 失败。
city4((player)) 试图写入 /data/games/mj_data.o 失败。
city4((player)) 试图写入 /data/games/mj_data.o 失败。
city4((player)) 试图写入 /data/games/mj_data.o 失败。
city4((player)) 试图写入 /data/games/mj_data.o 失败。
city4((player)) 试图写入 /data/games/mj_data.o 失败。
city4((player)) 试图写入 /data/games/mj_data.o 失败。
city4((player)) 试图写入 /data/games/mj_data.o 失败。
city4((player)) 试图写入 /data/games/mj_data.o 失败。
city4((player)) 试图写入 /data/games/mj_data.o 失败。
city4((player)) 试图写入 /data/games/mj_data.o 失败。
city4((player)) 试图写入 /data/games/mj_data.o 失败。
city4((player)) 试图写入 /data/games/mj_data.o 失败。
city4((player)) 试图写入 /data/games/mj_data.o 失败。
city4((player)) 试图写入 /data/games/mj_data.o 失败。
city4((player)) 试图写入 /data/games/mj_data.o 失败。
city4((player)) 试图写入 /data/games/mj_data.o 失败。
city4((player)) 试图写入 /data/games/mj_data.o 失败。
city4((player)) 试图写入 /data/games/mj_data.o 失败。
city4((player)) 试图写入 /data/games/mj_data.o 失败。
city4((player)) 试图写入 /data/games/mj_data.o 失败。
city4((player)) 试图写入 /data/games/mj_data.o 失败。
city4((player)) 试图写入 /data/games/mj_data.o 失败。
city4((player)) 试图写入 /data/games/mj_data.o 失败。
city4((player)) 试图写入 /data/games/mj_data.o 失败。
city4((player)) 试图写入 /data/games/mj_data.o 失败。
city4((player)) 试图写入 /data/games/mj_data.o 失败。
city4((player)) 试图写入 /data/games/mj_data.o 失败。
city4((player)) 试图写入 /data/games/mj_data.o 失败。
city4((player)) 试图写入 /data/games/mj_data.o 失败。
city4((player)) 试图写入 /data/games/mj_data.o 失败。
city4((player)) 试图写入 /data/games/mj_data.o 失败。
city4((player)) 试图写入 /data/games/mj_data.o 失败。
city4((player)) 试图写入 /data/games/mj_data.o 失败。
city4((player)) 试图写入 /data/games/mj_data.o 失败。
city4((player)) 试图写入 /data/games/mj_data.o 失败。
city4((player)) 试图写入 /data/games/mj_data.o 失败。
city4((player)) 试图写入 /data/games/mj_data.o 失败。
city4((player)) 试图写入 /data/games/mj_data.o 失败。
city4((player)) 试图写入 /data/games/mj_data.o 失败。
city4((player)) 试图写入 /data/games/mj_data.o 失败。
city4((player)) 试图写入 /data/games/mj_data.o 失败。
city4((player)) 试图写入 /data/games/mj_data.o 失败。
city4((player)) 试图写入 /data/games/mj_data.o 失败。
city4((player)) 试图写入 /data/games/mj_data.o 失败。
city4((player)) 试图写入 /data/games/mj_data.o 失败。
city4((player)) 试图写入 /data/games/mj_data.o 失败。
city4((player)) 试图写入 /data/games/mj_data.o 失败。
city4((player)) 试图写入 /data/games/mj_data.o 失败。
city4((player)) 试图写入 /data/games/mj_data.o 失败。
city4((player)) 试图写入 /data/games/mj_data.o 失败。
city4((player)) 试图写入 /data/games/mj_data.o 失败。
city4((player)) 试图写入 /data/games/mj_data.o 失败。
city4((player)) 试图写入 /data/games/mj_data.o 失败。
city4((player)) 试图写入 /data/games/mj_data.o 失败。
city4((player)) 试图写入 /data/games/mj_data.o 失败。
city4((player)) 试图写入 /data/games/mj_data.o 失败。
city4((player)) 试图写入 /data/games/mj_data.o 失败。
city4((player)) 试图写入 /data/games/mj_data.o 失败。
city4((player)) 试图写入 /data/games/mj_data.o 失败。
city4((player)) 试图写入 /data/games/mj_data.o 失败。
city4((player)) 试图写入 /data/games/mj_data.o 失败。
city4((player)) 试图写入 /data/games/mj_data.o 失败。
city4((player)) 试图写入 /data/games/mj_data.o 失败。
city4((player)) 试图写入 /data/games/mj_data.o 失败。
city4((player)) 试图写入 /data/games/mj_data.o 失败。
city4((player)) 试图写入 /data/games/mj_data.o 失败。
city4((player)) 试图写入 /data/games/mj_data.o 失败。
city4((player)) 试图写入 /data/games/mj_data.o 失败。
city4((player)) 试图写入 /data/games/mj_data.o 失败。
city4((player)) 试图写入 /data/games/mj_data.o 失败。
city4((player)) 试图写入 /data/games/mj_data.o 失败。
city4((player)) 试图写入 /data/games/mj_data.o 失败。
city4((player)) 试图写入 /data/games/mj_data.o 失败。
city4((player)) 试图写入 /data/games/mj_data.o 失败。
city4((player)) 试图写入 /data/games/mj_data.o 失败。
city4((player)) 试图写入 /data/games/mj_data.o 失败。
city4((player)) 试图写入 /data/games/mj_data.o 失败。
city4((player)) 试图写入 /data/games/mj_data.o 失败。
city4((player)) 试图写入 /data/games/mj_data.o 失败。
city4((player)) 试图写入 /data/games/mj_data.o 失败。
city4((player)) 试图写入 /data/games/mj_data.o 失败。
city4((player)) 试图写入 /data/games/mj_data.o 失败。
city4((player)) 试图写入 /data/games/mj_data.o 失败。
city4((player)) 试图写入 /data/games/mj_data.o 失败。
city4((player)) 试图写入 /data/games/mj_data.o 失败。
city4((player)) 试图写入 /data/games/mj_data.o 失败。
city4((player)) 试图写入 /data/games/mj_data.o 失败。
city4((player)) 试图写入 /data/games/mj_data.o 失败。
city4((player)) 试图写入 /data/games/mj_data.o 失败。
city4((player)) 试图写入 /data/games/mj_data.o 失败。
city4((player)) 试图写入 /data/games/mj_data.o 失败。
city4((player)) 试图写入 /data/games/mj_data.o 失败。
city4((player)) 试图写入 /data/games/mj_data.o 失败。
city4((player)) 试图写入 /data/games/mj_data.o 失败。
city4((player)) 试图写入 /data/games/mj_data.o 失败。
city4((player)) 试图写入 /data/games/mj_data.o 失败。
city4((player)) 试图写入 /data/games/mj_data.o 失败。
city4((player)) 试图写入 /data/games/mj_data.o 失败。
city4((player)) 试图写入 /data/games/mj_data.o 失败。
city4((player)) 试图写入 /data/games/mj_data.o 失败。
city4((player)) 试图写入 /data/games/mj_data.o 失败。
city4((player)) 试图写入 /data/games/mj_data.o 失败。
city4((player)) 试图写入 /data/games/mj_data.o 失败。
city4((player)) 试图写入 /data/games/mj_data.o 失败。
city4((player)) 试图写入 /data/games/mj_data.o 失败。
city4((player)) 试图写入 /data/games/mj_data.o 失败。
city4((player)) 试图写入 /data/games/mj_data.o 失败。
city4((player)) 试图写入 /data/games/mj_data.o 失败。
city4((player)) 试图写入 /data/games/mj_data.o 失败。
city4((player)) 试图写入 /data/games/mj_data.o 失败。
city4((player)) 试图写入 /data/games/mj_data.o 失败。
city4((player)) 试图写入 /data/games/mj_data.o 失败。
city4((player)) 试图写入 /data/games/mj_data.o 失败。
city4((player)) 试图写入 /data/games/mj_data.o 失败。
city4((player)) 试图写入 /data/games/mj_data.o 失败。
city4((player)) 试图写入 /data/games/mj_data.o 失败。
city4((player)) 试图写入 /data/games/mj_data.o 失败。
city4((player)) 试图写入 /data/games/mj_data.o 失败。
city4((player)) 试图写入 /data/games/mj_data.o 失败。
city4((player)) 试图写入 /data/games/mj_data.o 失败。
city4((player)) 试图写入 /data/games/mj_data.o 失败。
city4((player)) 试图写入 /data/games/mj_data.o 失败。
city4((player)) 试图写入 /data/games/mj_data.o 失败。
city4((player)) 试图写入 /data/games/mj_data.o 失败。
city4((player)) 试图写入 /data/games/mj_data.o 失败。
city4((player)) 试图写入 /data/games/mj_data.o 失败。
city4((player)) 试图写入 /data/games/mj_data.o 失败。
city4((player)) 试图写入 /data/games/mj_data.o 失败。
city4((player)) 试图写入 /data/games/mj_data.o 失败。
city4((player)) 试图写入 /data/games/mj_data.o 失败。
city4((player)) 试图写入 /data/games/mj_data.o 失败。
city4((player)) 试图写入 /data/games/mj_data.o 失败。
city4((player)) 试图写入 /data/games/mj_data.o 失败。
city4((player)) 试图写入 /data/games/mj_data.o 失败。
city4((player)) 试图写入 /data/games/mj_data.o 失败。
city4((player)) 试图写入 /data/games/mj_data.o 失败。
city4((player)) 试图写入 /data/games/mj_data.o 失败。
city4((player)) 试图写入 /data/games/mj_data.o 失败。
city4((player)) 试图写入 /data/games/mj_data.o 失败。
city4((player)) 试图写入 /data/games/mj_data.o 失败。
city4((player)) 试图写入 /data/games/mj_data.o 失败。
city4((player)) 试图写入 /data/games/mj_data.o 失败。
city4((player)) 试图写入 /data/games/mj_data.o 失败。
city4((player)) 试图写入 /data/games/mj_data.o 失败。
city4((player)) 试图写入 /data/games/mj_data.o 失败。
city4((player)) 试图写入 /data/games/mj_data.o 失败。
city4((player)) 试图写入 /data/games/mj_data.o 失败。
city4((player)) 试图写入 /data/games/mj_data.o 失败。
city4((player)) 试图写入 /data/games/mj_data.o 失败。
city4((player)) 试图写入 /data/games/mj_data.o 失败。
city4((player)) 试图写入 /data/games/mj_data.o 失败。
city4((player)) 试图写入 /data/games/mj_data.o 失败。
city4((player)) 试图写入 /data/games/mj_data.o 失败。
city4((player)) 试图写入 /data/games/mj_data.o 失败。
city4((player)) 试图写入 /data/games/mj_data.o 失败。
city4((player)) 试图写入 /data/games/mj_data.o 失败。
city4((player)) 试图写入 /data/games/mj_data.o 失败。
city4((player)) 试图写入 /data/games/mj_data.o 失败。
city4((player)) 试图写入 /data/games/mj_data.o 失败。
city4((player)) 试图写入 /data/games/mj_data.o 失败。
city4((player)) 试图写入 /data/games/mj_data.o 失败。
city4((player)) 试图写入 /data/games/mj_data.o 失败。
city4((player)) 试图写入 /data/games/mj_data.o 失败。
city4((player)) 试图写入 /data/games/mj_data.o 失败。
city4((player)) 试图写入 /data/games/mj_data.o 失败。
city4((player)) 试图写入 /data/games/mj_data.o 失败。
city4((player)) 试图写入 /data/games/mj_data.o 失败。
city4((player)) 试图写入 /data/games/mj_data.o 失败。
city4((player)) 试图写入 /data/games/mj_data.o 失败。
city4((player)) 试图写入 /data/games/mj_data.o 失败。
city4((player)) 试图写入 /data/games/mj_data.o 失败。
city4((player)) 试图写入 /data/games/mj_data.o 失败。
city4((player)) 试图写入 /data/games/mj_data.o 失败。
city4((player)) 试图写入 /data/games/mj_data.o 失败。
city4((player)) 试图写入 /data/games/mj_data.o 失败。
city4((player)) 试图写入 /data/games/mj_data.o 失败。
city4((player)) 试图写入 /data/games/mj_data.o 失败。
city4((player)) 试图写入 /data/games/mj_data.o 失败。
city4((player)) 试图写入 /data/games/mj_data.o 失败。
city4((player)) 试图写入 /data/games/mj_data.o 失败。
city4((player)) 试图写入 /data/games/mj_data.o 失败。
city4((player)) 试图写入 /data/games/mj_data.o 失败。
city4((player)) 试图写入 /data/games/mj_data.o 失败。
city4((player)) 试图写入 /data/games/mj_data.o 失败。
city4((player)) 试图写入 /data/games/mj_data.o 失败。
city4((player)) 试图写入 /data/games/mj_data.o 失败。
city4((player)) 试图写入 /data/games/mj_data.o 失败。
city4((player)) 试图写入 /data/games/mj_data.o 失败。
city4((player)) 试图写入 /data/games/mj_data.o 失败。
city4((player)) 试图写入 /data/games/mj_data.o 失败。
city4((player)) 试图写入 /data/games/mj_data.o 失败。
city4((player)) 试图写入 /data/games/mj_data.o 失败。
city4((player)) 试图写入 /data/games/mj_data.o 失败。
city4((player)) 试图写入 /data/games/mj_data.o 失败。
city4((player)) 试图写入 /data/games/mj_data.o 失败。
city4((player)) 试图写入 /data/games/mj_data.o 失败。
city4((player)) 试图写入 /data/games/mj_data.o 失败。
city4((player)) 试图写入 /data/games/mj_data.o 失败。
city4((player)) 试图写入 /data/games/mj_data.o 失败。
city4((player)) 试图写入 /data/games/mj_data.o 失败。
city4((player)) 试图写入 /data/games/mj_data.o 失败。
city4((player)) 试图写入 /data/games/mj_data.o 失败。
city4((player)) 试图写入 /data/games/mj_data.o 失败。
city4((player)) 试图写入 /data/games/mj_data.o 失败。
city4((player)) 试图写入 /data/games/mj_data.o 失败。
city4((player)) 试图写入 /data/games/mj_data.o 失败。
city4((player)) 试图写入 /data/games/mj_data.o 失败。
city4((player)) 试图写入 /data/games/mj_data.o 失败。
city4((player)) 试图写入 /data/games/mj_data.o 失败。
city4((player)) 试图写入 /data/games/mj_data.o 失败。
city4((player)) 试图写入 /data/games/mj_data.o 失败。
city4((player)) 试图写入 /data/games/mj_data.o 失败。
city4((player)) 试图写入 /data/games/mj_data.o 失败。
city4((player)) 试图写入 /data/games/mj_data.o 失败。
city4((player)) 试图写入 /data/games/mj_data.o 失败。
city4((player)) 试图写入 /data/games/mj_data.o 失败。
city4((player)) 试图写入 /data/games/mj_data.o 失败。
city4((player)) 试图写入 /data/games/mj_data.o 失败。
city4((player)) 试图写入 /data/games/mj_data.o 失败。
city4((player)) 试图写入 /data/games/mj_data.o 失败。
city4((player)) 试图写入 /data/games/mj_data.o 失败。
city4((player)) 试图写入 /data/games/mj_data.o 失败。
city4((player)) 试图写入 /data/games/mj_data.o 失败。
city4((player)) 试图写入 /data/games/mj_data.o 失败。
city4((player)) 试图写入 /data/games/mj_data.o 失败。
city4((player)) 试图写入 /data/games/mj_data.o 失败。
city4((player)) 试图写入 /data/games/mj_data.o 失败。
city4((player)) 试图写入 /data/games/mj_data.o 失败。
city4((player)) 试图写入 /data/games/mj_data.o 失败。
city4((player)) 试图写入 /data/games/mj_data.o 失败。
city4((player)) 试图写入 /data/games/mj_data.o 失败。
city4((player)) 试图写入 /data/games/mj_data.o 失败。
city4((player)) 试图写入 /data/games/mj_data.o 失败。
city4((player)) 试图写入 /data/games/mj_data.o 失败。
city4((player)) 试图写入 /data/games/mj_data.o 失败。
city4((player)) 试图写入 /data/games/mj_data.o 失败。
city4((player)) 试图写入 /data/games/mj_data.o 失败。
city4((player)) 试图写入 /data/games/mj_data.o 失败。
city4((player)) 试图写入 /data/games/mj_data.o 失败。
city4((player)) 试图写入 /data/games/mj_data.o 失败。
city4((player)) 试图写入 /data/games/mj_data.o 失败。
city4((player)) 试图写入 /data/games/mj_data.o 失败。
city4((player)) 试图写入 /data/games/mj_data.o 失败。
city4((player)) 试图写入 /data/games/mj_data.o 失败。
city4((player)) 试图写入 /data/games/mj_data.o 失败。
city4((player)) 试图写入 /data/games/mj_data.o 失败。
city4((player)) 试图写入 /data/games/mj_data.o 失败。
city4((player)) 试图写入 /data/games/mj_data.o 失败。
city4((player)) 试图写入 /data/games/mj_data.o 失败。
city4((player)) 试图写入 /data/games/mj_data.o 失败。
city4((player)) 试图写入 /data/games/mj_data.o 失败。
city4((player)) 试图写入 /data/games/mj_data.o 失败。
city4((player)) 试图写入 /data/games/mj_data.o 失败。
city4((player)) 试图写入 /data/games/mj_data.o 失败。
city4((player)) 试图写入 /data/games/mj_data.o 失败。
city4((player)) 试图写入 /data/games/mj_data.o 失败。
city4((player)) 试图写入 /data/games/mj_data.o 失败。
city4((player)) 试图写入 /data/games/mj_data.o 失败。
city4((player)) 试图写入 /data/games/mj_data.o 失败。
city4((player)) 试图写入 /data/games/mj_data.o 失败。
city4((player)) 试图写入 /data/games/mj_data.o 失败。
city4((player)) 试图写入 /data/games/mj_data.o 失败。
city4((player)) 试图写入 /data/games/mj_data.o 失败。
city4((player)) 试图写入 /data/games/mj_data.o 失败。
city4((player)) 试图写入 /data/games/mj_data.o 失败。
city4((player)) 试图写入 /data/games/mj_data.o 失败。
city4((player)) 试图写入 /data/games/mj_data.o 失败。
city4((player)) 试图写入 /data/games/mj_data.o 失败。
city4((player)) 试图写入 /data/games/mj_data.o 失败。
city4((player)) 试图写入 /data/games/mj_data.o 失败。
city4((player)) 试图写入 /data/games/mj_data.o 失败。
city4((player)) 试图写入 /data/games/mj_data.o 失败。
city4((player)) 试图写入 /data/games/mj_data.o 失败。
city4((player)) 试图写入 /data/games/mj_data.o 失败。
city4((player)) 试图写入 /data/games/mj_data.o 失败。
city4((player)) 试图写入 /data/games/mj_data.o 失败。
city4((player)) 试图写入 /data/games/mj_data.o 失败。
city4((player)) 试图写入 /data/games/mj_data.o 失败。
city4((player)) 试图写入 /data/games/mj_data.o 失败。
city4((player)) 试图写入 /data/games/mj_data.o 失败。
lulue((player)) 试图写入 /data/FENG 失败。
trista((player)) 试图写入 /data/FENG 失败。
xuezr((player)) 试图写入 /data/FENG 失败。
city4((player)) 试图写入 /data/games/mj_data.o 失败。
city4((player)) 试图写入 /data/games/mj_data.o 失败。
city4((player)) 试图写入 /data/games/mj_data.o 失败。
city4((player)) 试图写入 /data/games/mj_data.o 失败。
city4((player)) 试图写入 /data/games/mj_data.o 失败。
city4((player)) 试图写入 /data/games/mj_data.o 失败。
city4((player)) 试图写入 /data/games/mj_data.o 失败。
city4((player)) 试图写入 /data/games/mj_data.o 失败。
city4((player)) 试图写入 /data/games/mj_data.o 失败。
city4((player)) 试图写入 /data/games/mj_data.o 失败。
city4((player)) 试图写入 /data/games/mj_data.o 失败。
city4((player)) 试图写入 /data/games/mj_data.o 失败。
city4((player)) 试图写入 /data/games/mj_data.o 失败。
city4((player)) 试图写入 /data/games/mj_data.o 失败。
city4((player)) 试图写入 /data/games/mj_data.o 失败。
city4((player)) 试图写入 /data/games/mj_data.o 失败。
city4((player)) 试图写入 /data/games/mj_data.o 失败。
city4((player)) 试图写入 /data/games/mj_data.o 失败。
city4((player)) 试图写入 /data/games/mj_data.o 失败。
city4((player)) 试图写入 /data/games/mj_data.o 失败。
city4((player)) 试图写入 /data/games/mj_data.o 失败。
city4((player)) 试图写入 /data/games/mj_data.o 失败。
city4((player)) 试图写入 /data/games/mj_data.o 失败。
city4((player)) 试图写入 /data/games/mj_data.o 失败。
city4((player)) 试图写入 /data/games/mj_data.o 失败。
city4((player)) 试图写入 /data/games/mj_data.o 失败。
city4((player)) 试图写入 /data/games/mj_data.o 失败。
city4((player)) 试图写入 /data/games/mj_data.o 失败。
city4((player)) 试图写入 /data/games/mj_data.o 失败。
city4((player)) 试图写入 /data/games/mj_data.o 失败。
city4((player)) 试图写入 /data/games/mj_data.o 失败。
city4((player)) 试图写入 /data/games/mj_data.o 失败。
city4((player)) 试图写入 /data/games/mj_data.o 失败。
city4((player)) 试图写入 /data/games/mj_data.o 失败。
city4((player)) 试图写入 /data/games/mj_data.o 失败。
city4((player)) 试图写入 /data/games/mj_data.o 失败。
city4((player)) 试图写入 /data/games/mj_data.o 失败。
city4((player)) 试图写入 /data/games/mj_data.o 失败。
city4((player)) 试图写入 /data/games/mj_data.o 失败。
city4((player)) 试图写入 /data/games/mj_data.o 失败。
meiren((player)) 试图写入 /data/FENG 失败。
city4((player)) 试图写入 /data/games/mj_data.o 失败。
city4((player)) 试图写入 /data/games/mj_data.o 失败。
city4((player)) 试图写入 /data/games/mj_data.o 失败。
city4((player)) 试图写入 /data/games/mj_data.o 失败。
city4((player)) 试图写入 /data/games/mj_data.o 失败。
city4((player)) 试图写入 /data/games/mj_data.o 失败。
city4((player)) 试图写入 /data/games/mj_data.o 失败。
city4((player)) 试图写入 /data/games/mj_data.o 失败。
city4((player)) 试图写入 /data/games/mj_data.o 失败。
city4((player)) 试图写入 /data/games/mj_data.o 失败。
city4((player)) 试图写入 /data/games/mj_data.o 失败。
city4((player)) 试图写入 /data/games/mj_data.o 失败。
city4((player)) 试图写入 /data/games/mj_data.o 失败。
city4((player)) 试图写入 /data/games/mj_data.o 失败。
city4((player)) 试图写入 /data/games/mj_data.o 失败。
city4((player)) 试图写入 /data/games/mj_data.o 失败。
city4((player)) 试图写入 /data/games/mj_data.o 失败。
city4((player)) 试图写入 /data/games/mj_data.o 失败。
city4((player)) 试图写入 /data/games/mj_data.o 失败。
city4((player)) 试图写入 /data/games/mj_data.o 失败。
city4((player)) 试图写入 /data/games/mj_data.o 失败。
city4((player)) 试图写入 /data/games/mj_data.o 失败。
city4((player)) 试图写入 /data/games/mj_data.o 失败。
city4((player)) 试图写入 /data/games/mj_data.o 失败。
city4((player)) 试图写入 /data/games/mj_data.o 失败。
city4((player)) 试图写入 /data/games/mj_data.o 失败。
city4((player)) 试图写入 /data/games/mj_data.o 失败。
city4((player)) 试图写入 /data/games/mj_data.o 失败。
city4((player)) 试图写入 /data/games/mj_data.o 失败。
city4((player)) 试图写入 /data/games/mj_data.o 失败。
city4((player)) 试图写入 /data/games/mj_data.o 失败。
city4((player)) 试图写入 /data/games/mj_data.o 失败。
city4((player)) 试图写入 /data/games/mj_data.o 失败。
city4((player)) 试图写入 /data/games/mj_data.o 失败。
city4((player)) 试图写入 /data/games/mj_data.o 失败。
city4((player)) 试图写入 /data/games/mj_data.o 失败。
city4((player)) 试图写入 /data/games/mj_data.o 失败。
city4((player)) 试图写入 /data/games/mj_data.o 失败。
city4((player)) 试图写入 /data/games/mj_data.o 失败。
city4((player)) 试图写入 /data/games/mj_data.o 失败。
city4((player)) 试图写入 /data/games/mj_data.o 失败。
city4((player)) 试图写入 /data/games/mj_data.o 失败。
city4((player)) 试图写入 /data/games/mj_data.o 失败。
city4((player)) 试图写入 /data/games/mj_data.o 失败。
city4((player)) 试图写入 /data/games/mj_data.o 失败。
city4((player)) 试图写入 /data/games/mj_data.o 失败。
city4((player)) 试图写入 /data/games/mj_data.o 失败。
city4((player)) 试图写入 /data/games/mj_data.o 失败。
city4((player)) 试图写入 /data/games/mj_data.o 失败。
city4((player)) 试图写入 /data/games/mj_data.o 失败。
city4((player)) 试图写入 /data/games/mj_data.o 失败。
city4((player)) 试图写入 /data/games/mj_data.o 失败。
city4((player)) 试图写入 /data/games/mj_data.o 失败。
city4((player)) 试图写入 /data/games/mj_data.o 失败。
city4((player)) 试图写入 /data/games/mj_data.o 失败。
city4((player)) 试图写入 /data/games/mj_data.o 失败。
city4((player)) 试图写入 /data/games/mj_data.o 失败。
city4((player)) 试图写入 /data/games/mj_data.o 失败。
city4((player)) 试图写入 /data/games/mj_data.o 失败。
city4((player)) 试图写入 /data/games/mj_data.o 失败。
city4((player)) 试图写入 /data/games/mj_data.o 失败。
city4((player)) 试图写入 /data/games/mj_data.o 失败。
city4((player)) 试图写入 /data/games/mj_data.o 失败。
city4((player)) 试图写入 /data/games/mj_data.o 失败。
city4((player)) 试图写入 /data/games/mj_data.o 失败。
city4((player)) 试图写入 /data/games/mj_data.o 失败。
city4((player)) 试图写入 /data/games/mj_data.o 失败。
city4((player)) 试图写入 /data/games/mj_data.o 失败。
city4((player)) 试图写入 /data/games/mj_data.o 失败。
city4((player)) 试图写入 /data/games/mj_data.o 失败。
city4((player)) 试图写入 /data/games/mj_data.o 失败。
city4((player)) 试图写入 /data/games/mj_data.o 失败。
lulusee((player)) 试图写入 /data/FENG 失败。
tttyyy((player)) 试图写入 /data/FENG 失败。
city4((player)) 试图写入 /data/games/mj_data.o 失败。
city4((player)) 试图写入 /data/games/mj_data.o 失败。
city4((player)) 试图写入 /data/games/mj_data.o 失败。
city4((player)) 试图写入 /data/games/mj_data.o 失败。
city4((player)) 试图写入 /data/games/mj_data.o 失败。
city4((player)) 试图写入 /data/games/mj_data.o 失败。
city4((player)) 试图写入 /data/games/mj_data.o 失败。
city4((player)) 试图写入 /data/games/mj_data.o 失败。
city4((player)) 试图写入 /data/games/mj_data.o 失败。
city4((player)) 试图写入 /data/games/mj_data.o 失败。
city4((player)) 试图写入 /data/games/mj_data.o 失败。
city4((player)) 试图写入 /data/games/mj_data.o 失败。
city4((player)) 试图写入 /data/games/mj_data.o 失败。
city4((player)) 试图写入 /data/games/mj_data.o 失败。
city4((player)) 试图写入 /data/games/mj_data.o 失败。
city4((player)) 试图写入 /data/games/mj_data.o 失败。
city4((player)) 试图写入 /data/games/mj_data.o 失败。
city4((player)) 试图写入 /data/games/mj_data.o 失败。
city4((player)) 试图写入 /data/games/mj_data.o 失败。
city4((player)) 试图写入 /data/games/mj_data.o 失败。
city4((player)) 试图写入 /data/games/mj_data.o 失败。
city4((player)) 试图写入 /data/games/mj_data.o 失败。
city4((player)) 试图写入 /data/games/mj_data.o 失败。
city4((player)) 试图写入 /data/games/mj_data.o 失败。
fdhyy((player)) 试图写入 /data/FENG 失败。
wanbbb((player)) 试图写入 /data/FENG 失败。
liub((player)) 试图写入 /data/FENG 失败。
sway((player)) 试图写入 /data/FENG 失败。
sssj((player)) 试图写入 /data/FENG 失败。
city4((player)) 试图写入 /data/user/t/tiandi.pet.o 失败。
city4((player)) 试图写入 /data/user/t/tiandi.pet.o 失败。
koma((player)) 试图写入 /data/FENG 失败。
badman((player)) 试图写入 /data/FENG 失败。
city4((player)) 试图写入 /data/games/mj_data.o 失败。
city4((player)) 试图写入 /data/games/mj_data.o 失败。
city4((player)) 试图写入 /data/games/mj_data.o 失败。
city4((player)) 试图写入 /data/games/mj_data.o 失败。
city4((player)) 试图写入 /data/games/mj_data.o 失败。
city4((player)) 试图写入 /data/games/mj_data.o 失败。
xdzi((player)) 试图写入 /data/FENG 失败。
tdwytz((player)) 试图写入 /data/FENG 失败。
bwh((player)) 试图写入 /data/FENG 失败。
spray((player)) 试图写入 /data/FENG 失败。
xiamihs((player)) 试图写入 /data/FENG 失败。
city4((player)) 试图写入 /data/user/t/tiandi.pet.o 失败。
flyfog((player)) 试图写入 /data/FENG 失败。
cjs((player)) 试图写入 /data/FENG 失败。
jslygh((player)) 试图写入 /data/FENG 失败。
file((player)) 试图写入 /data/FENG 失败。
pingan((player)) 试图写入 /data/diary/z 失败。
pingan((player)) 试图写入 /data/diary/z/zzxx 失败。
pingan((player)) 试图写入 /data/diary/y 失败。
pingan((player)) 试图写入 /data/diary/y/yflin 失败。
pingan((player)) 试图写入 /data/diary/y 失败。
pingan((player)) 试图写入 /data/diary/y/yflin 失败。
pingan((player)) 试图写入 /data/diary/z 失败。
pingan((player)) 试图写入 /data/diary/z/zzxx 失败。
blueboy((player)) 试图写入 /data/FENG 失败。
calvin((wizard)) 试图写入 /d/u/calvin 失败。
calvin((wizard)) 试图写入 /d/u/calvin/huoqiang.c 失败。
qphu((player)) 试图写入 /data/FENG 失败。
grace((player)) 试图写入 /data/FENG 失败。
know((player)) 试图写入 /data/FENG 失败。
know((player)) 试图写入 /data/FENG 失败。
knownnn((player)) 试图写入 /data/FENG 失败。
void((player)) 试图写入 /data/FENG 失败。
rubish((player)) 试图写入 /data/FENG 失败。
pepsihuashan((player)) 试图写入 /data/FENG 失败。
pingan((player)) 试图写入 /data/diary/j 失败。
pingan((player)) 试图写入 /data/diary/j/jxdgf 失败。
pingan((player)) 试图写入 /data/diary/w 失败。
pingan((player)) 试图写入 /data/diary/w/wwz 失败。
chess((player)) 试图写入 /data/FENG 失败。
pingan((player)) 试图写入 /data/diary/y 失败。
pingan((player)) 试图写入 /data/diary/y/yuwen 失败。
pingan((player)) 试图写入 /data/diary/g 失败。
pingan((player)) 试图写入 /data/diary/g/guqing 失败。
dancer((player)) 试图写入 /data/FENG 失败。
xch((player)) 试图写入 /data/FENG 失败。
pingan((player)) 试图写入 /data/diary/s 失败。
pingan((player)) 试图写入 /data/diary/s/sadsky 失败。
pingan((player)) 试图写入 /data/diary/b 失败。
pingan((player)) 试图写入 /data/diary/b/bite 失败。
city4((player)) 试图写入 /data/user/t/tiandi.pet.o 失败。
smanhua((player)) 试图写入 /data/FENG 失败。
spray((player)) 试图写入 /data/FENG 失败。
mier((player)) 试图写入 /data/FENG 失败。
pingan((player)) 试图写入 /data/diary/w 失败。
pingan((player)) 试图写入 /data/diary/w/wniu 失败。
pingan((player)) 试图写入 /data/diary/w 失败。
pingan((player)) 试图写入 /data/diary/w/wzliu 失败。
city4((player)) 试图写入 /data/user/t/tiandi.pet.o 失败。
city4((player)) 试图写入 /data/user/t/tiandi.pet.o 失败。
city4((player)) 试图写入 /data/user/t/tiandi.pet.o 失败。
city4((player)) 试图写入 /data/user/t/tiandi.pet.o 失败。
city4((player)) 试图写入 /data/user/t/tiandi.pet.o 失败。
city4((player)) 试图写入 /data/user/t/tiandi.pet.o 失败。
city4((player)) 试图写入 /data/user/t/tiandi.pet.o 失败。
city4((player)) 试图写入 /data/user/t/tiandi.pet.o 失败。
icefoxb((player)) 试图写入 /data/FENG 失败。
city4((player)) 试图写入 /data/user/t/tiandi.pet.o 失败。
city4((player)) 试图写入 /data/user/t/tiandi.pet.o 失败。
city4((player)) 试图写入 /data/user/t/tiandi.pet.o 失败。
city4((player)) 试图写入 /data/user/t/tiandi.pet.o 失败。
city4((player)) 试图写入 /data/user/t/tiandi.pet.o 失败。
city4((player)) 试图写入 /data/user/t/tiandi.pet.o 失败。
city4((player)) 试图写入 /data/user/t/tiandi.pet.o 失败。
city4((player)) 试图写入 /data/user/t/tiandi.pet.o 失败。
city4((player)) 试图写入 /data/user/t/tiandi.pet.o 失败。
city4((player)) 试图写入 /data/user/t/tiandi.pet.o 失败。
nzhak((player)) 试图写入 /data/FENG 失败。
city4((player)) 试图写入 /data/user/t/tiandi.pet.o 失败。
xxxxh((player)) 试图写入 /data/FENG 失败。
spray((player)) 试图写入 /data/FENG 失败。
city4((player)) 试图写入 /data/user/t/tiandi.pet.o 失败。
city4((player)) 试图写入 /data/user/t/tiandi.pet.o 失败。
city4((player)) 试图写入 /data/user/t/tiandi.pet.o 失败。
city4((player)) 试图写入 /data/user/t/tiandi.pet.o 失败。
xyanhu((arch)) 试图写入 /data/user/c/chenying.o 失败。
city4((player)) 试图写入 /data/user/t/tiandi.pet.o 失败。
city4((player)) 试图写入 /data/user/t/tiandi.pet.o 失败。
city4((player)) 试图写入 /data/user/t/tiandi.pet.o 失败。
city4((player)) 试图写入 /data/user/t/tiandi.pet.o 失败。
city4((player)) 试图写入 /data/user/t/tiandi.pet.o 失败。
lisa((player)) 试图写入 /data/FENG 失败。
nzhab((player)) 试图写入 /data/FENG 失败。
city((player)) 试图写入 /data/mj3_data.o 失败。
city((player)) 试图写入 /data/mj3_data.o 失败。
city((player)) 试图写入 /data/mj3_data.o 失败。
city((player)) 试图写入 /data/mj3_data.o 失败。
city((player)) 试图写入 /data/mj3_data.o 失败。
city((player)) 试图写入 /data/mj3_data.o 失败。
city((player)) 试图写入 /data/mj3_data.o 失败。
city((player)) 试图写入 /data/mj3_data.o 失败。
city((player)) 试图写入 /data/mj3_data.o 失败。
city((player)) 试图写入 /data/mj3_data.o 失败。
city((player)) 试图写入 /data/mj3_data.o 失败。
city((player)) 试图写入 /data/mj3_data.o 失败。
city((player)) 试图写入 /data/mj3_data.o 失败。
city((player)) 试图写入 /data/mj3_data.o 失败。
city((player)) 试图写入 /data/mj3_data.o 失败。
city((player)) 试图写入 /data/mj3_data.o 失败。
city((player)) 试图写入 /data/mj3_data.o 失败。
city((player)) 试图写入 /data/mj3_data.o 失败。
city((player)) 试图写入 /data/mj3_data.o 失败。
city((player)) 试图写入 /data/mj3_data.o 失败。
city((player)) 试图写入 /data/mj3_data.o 失败。
city((player)) 试图写入 /data/mj3_data.o 失败。
bmr((player)) 试图写入 /data/FENG 失败。
xyanhu((arch)) 试图写入 /data/user/y/yanhuz.o 失败。
xyanhu((arch)) 试图写入 /data/login/y/yanhuz.o 失败。
xyanhu((arch)) 试图写入 /data/user/y/yanhuz.o 失败。
xyanhu((arch)) 试图写入 /data/login/y/yanhuz.o 失败。
xyanhu((arch)) 试图写入 /data/user/m/maliyu.o 失败。
xyanhu((arch)) 试图写入 /data/login/m/maliyu.o 失败。
xyanhu((arch)) 试图写入 /data/user/z/zhenqian.o 失败。
xyanhu((arch)) 试图写入 /data/login/z/zhenqian.o 失败。
xyanhu((arch)) 试图写入 /data/user/d/ddbb.o 失败。
xyanhu((arch)) 试图写入 /data/login/d/ddbb.o 失败。
xyanhu((arch)) 试图写入 /data/user/n/npc.o 失败。
xyanhu((arch)) 试图写入 /data/login/n/npc.o 失败。
xyanhu((arch)) 试图写入 /data/user/g/game.o 失败。
xyanhu((arch)) 试图写入 /data/login/g/game.o 失败。
city((player)) 试图写入 /data/mj3_data.o 失败。
city((player)) 试图写入 /data/mj3_data.o 失败。
city((player)) 试图写入 /data/mj3_data.o 失败。
city((player)) 试图写入 /data/mj3_data.o 失败。
city((player)) 试图写入 /data/mj3_data.o 失败。
city((player)) 试图写入 /data/mj3_data.o 失败。
gmdami((player)) 试图写入 /data/FENG 失败。
zkankan((player)) 试图写入 /data/FENG 失败。
lyj((player)) 试图写入 /data/FENG 失败。
pingan((player)) 试图写入 /data/diary/c 失败。
pingan((player)) 试图写入 /data/diary/c/chirs 失败。
pingan((player)) 试图写入 /data/diary/n 失败。
pingan((player)) 试图写入 /data/diary/n/npc 失败。
pingan((player)) 试图写入 /data/diary/n 失败。
pingan((player)) 试图写入 /data/diary/n/npc 失败。
pingan((player)) 试图写入 /data/diary/c 失败。
pingan((player)) 试图写入 /data/diary/c/chirs 失败。
city((player)) 试图写入 /data/mj3_data.o 失败。
city((player)) 试图写入 /data/mj3_data.o 失败。
city((player)) 试图写入 /data/mj3_data.o 失败。
city((player)) 试图写入 /data/mj3_data.o 失败。
city((player)) 试图写入 /data/mj3_data.o 失败。
city((player)) 试图写入 /data/mj3_data.o 失败。
kanfeng((player)) 试图写入 /data/FENG 失败。
pingan((player)) 试图写入 /data/diary/q 失败。
pingan((player)) 试图写入 /data/diary/q/qzz 失败。
pingan((player)) 试图写入 /data/diary/q 失败。
pingan((player)) 试图写入 /data/diary/q/qazqaz 失败。
zhmb((player)) 试图写入 /data/FENG 失败。
zhmd((player)) 试图写入 /data/FENG 失败。
pingan((player)) 试图写入 /data/diary/c 失败。
pingan((player)) 试图写入 /data/diary/c/chirs 失败。
pingan((player)) 试图写入 /data/diary/s 失败。
pingan((player)) 试图写入 /data/diary/s/spray 失败。
pingan((player)) 试图写入 /data/diary/c 失败。
pingan((player)) 试图写入 /data/diary/c/chirs 失败。
pingan((player)) 试图写入 /data/diary/s 失败。
pingan((player)) 试图写入 /data/diary/s/spray 失败。
pingan((player)) 试图写入 /data/diary/c 失败。
pingan((player)) 试图写入 /data/diary/c/chijd 失败。
pingan((player)) 试图写入 /data/diary/y 失败。
pingan((player)) 试图写入 /data/diary/y/yanhuz 失败。
